#
# There is insufficient memory for the Java Runtime Environment to continue.
# Native memory allocation (mmap) failed to map 354418688 bytes for Failed to commit area from 0x0000000096a00000 to 0x00000000abc00000 of length 354418688.
# Possible reasons:
#   The system is out of physical RAM or swap space
#   The process is running with CompressedOops enabled, and the Java Heap may be blocking the growth of the native heap
# Possible solutions:
#   Reduce memory load on the system
#   Increase physical memory or swap space
#   Check if swap backing store is full
#   Decrease Java heap size (-Xmx/-Xms)
#   Decrease number of Java threads
#   Decrease Java thread stack sizes (-Xss)
#   Set larger code cache with -XX:ReservedCodeCacheSize=
#   JVM is running with Unscaled Compressed Oops mode in which the Java heap is
#     placed in the first 4GB address space. The Java Heap base address is the
#     maximum limit for the native heap growth. Please use -XX:HeapBaseMinAddress
#     to set the Java Heap base and to place the Java Heap above 4GB virtual address.
# This output file may be truncated or incomplete.
#
#  Out of Memory Error (./src/hotspot/os/windows/os_windows.cpp:3301), pid=11312, tid=16460
#
# JRE version: OpenJDK Runtime Environment (11.0.10) (build 11.0.10+0-b96-7249189)
# Java VM: OpenJDK 64-Bit Server VM (11.0.10+0-b96-7249189, mixed mode, tiered, compressed oops, g1 gc, windows-amd64)
# No core dump will be written. Minidumps are not enabled by default on client versions of Windows
#

---------------  S U M M A R Y ------------

Command Line: --add-opens=java.base/java.util=ALL-UNNAMED --add-opens=java.base/java.lang=ALL-UNNAMED --add-opens=java.base/java.lang.invoke=ALL-UNNAMED --add-opens=java.base/java.util=ALL-UNNAMED --add-opens=java.prefs/java.util.prefs=ALL-UNNAMED --add-opens=java.prefs/java.util.prefs=ALL-UNNAMED --add-opens=java.base/java.nio.charset=ALL-UNNAMED --add-opens=java.base/java.net=ALL-UNNAMED --add-opens=java.base/java.util.concurrent.atomic=ALL-UNNAMED -Xmx2048m -Dfile.encoding=UTF-8 -Duser.country=RU -Duser.language=ru -Duser.variant org.gradle.launcher.daemon.bootstrap.GradleDaemon 7.0.2

Host: Intel(R) Core(TM) i3-1005G1 CPU @ 1.20GHz, 4 cores, 3G,  Windows 10 , 64 bit Build 19041 (10.0.19041.1151)
Time: Thu Sep  2 16:28:23 2021 RTZ 6 (зима) elapsed time: 60.418433 seconds (0d 0h 1m 0s)

---------------  T H R E A D  ---------------

Current thread (0x00000227cd683800):  VMThread "VM Thread" [stack: 0x000000776c400000,0x000000776c500000] [id=16460]

Stack: [0x000000776c400000,0x000000776c500000]
[error occurred during error reporting (printing stack bounds), id 0xc0000005, EXCEPTION_ACCESS_VIOLATION (0xc0000005) at pc=0x00000227b6e610e7]

Native frames: (J=compiled Java code, j=interpreted, Vv=VM code, C=native code)
V  [jvm.dll+0x5ecfaa]
V  [jvm.dll+0x722bd5]
V  [jvm.dll+0x72412d]
V  [jvm.dll+0x724745]
V  [jvm.dll+0x7246fb]
V  [jvm.dll+0x5ec348]
V  [jvm.dll+0x5ecad8]
C  [ntdll.dll+0xa217f]
C  [ntdll.dll+0x51454]
C  [ntdll.dll+0xa0cae]
C  0x00000227b6e610e7

VM_Operation (0x000000776fafd130): G1CollectForAllocation, mode: safepoint, requested by thread 0x00000227d2c31000


---------------  P R O C E S S  ---------------

Threads class SMR info:
_java_thread_list=0x00000227d7a3e4a0, length=55, elements={
0x00000227b1b82800, 0x00000227cd6a4000, 0x00000227cd68b000, 0x00000227cd6af800,
0x00000227cd6b1800, 0x00000227cd6b3000, 0x00000227cd6b4000, 0x00000227cd6bd000,
0x00000227cd6ca000, 0x00000227ce179000, 0x00000227cfa63000, 0x00000227cfa67800,
0x00000227cfa66800, 0x00000227cfa64000, 0x00000227cfa65000, 0x00000227cfa65800,
0x00000227cfa61800, 0x00000227cfa68000, 0x00000227cfa62800, 0x00000227d060b800,
0x00000227d060a000, 0x00000227d0606800, 0x00000227d0607800, 0x00000227d060a800,
0x00000227d060c000, 0x00000227d060d000, 0x00000227d060e000, 0x00000227d0608000,
0x00000227d060e800, 0x00000227d0609000, 0x00000227d0610800, 0x00000227d0613800,
0x00000227d0614800, 0x00000227d0611000, 0x00000227d0612000, 0x00000227d0613000,
0x00000227d2c2b000, 0x00000227d2c2c000, 0x00000227d2c2d800, 0x00000227d2c2a800,
0x00000227d2c2c800, 0x00000227d2c2e800, 0x00000227d2c2f000, 0x00000227d2c29800,
0x00000227d2c34000, 0x00000227d2c32800, 0x00000227d2c30000, 0x00000227d2c33800,
0x00000227d2c31000, 0x00000227d2c31800, 0x00000227d2c35000, 0x00000227d2c36800,
0x00000227d2c35800, 0x00000227d6dec800, 0x00000227d6dee000
}

Java Threads: ( => current thread )
  0x00000227b1b82800 JavaThread "main" [_thread_blocked, id=15192, stack(0x000000776be00000,0x000000776bf00000)]
  0x00000227cd6a4000 JavaThread "Reference Handler" daemon [_thread_blocked, id=14684, stack(0x000000776c500000,0x000000776c600000)]
  0x00000227cd68b000 JavaThread "Finalizer" daemon [_thread_blocked, id=14812, stack(0x000000776c600000,0x000000776c700000)]
  0x00000227cd6af800 JavaThread "Signal Dispatcher" daemon [_thread_blocked, id=14832, stack(0x000000776c700000,0x000000776c800000)]
  0x00000227cd6b1800 JavaThread "Attach Listener" daemon [_thread_blocked, id=18328, stack(0x000000776c800000,0x000000776c900000)]
  0x00000227cd6b3000 JavaThread "Service Thread" daemon [_thread_blocked, id=11548, stack(0x000000776c900000,0x000000776ca00000)]
  0x00000227cd6b4000 JavaThread "C2 CompilerThread0" daemon [_thread_blocked, id=17632, stack(0x000000776ca00000,0x000000776cb00000)]
  0x00000227cd6bd000 JavaThread "C1 CompilerThread0" daemon [_thread_blocked, id=5736, stack(0x000000776cb00000,0x000000776cc00000)]
  0x00000227cd6ca000 JavaThread "Sweeper thread" daemon [_thread_blocked, id=16268, stack(0x000000776cc00000,0x000000776cd00000)]
  0x00000227ce179000 JavaThread "Common-Cleaner" daemon [_thread_blocked, id=13052, stack(0x000000776cd00000,0x000000776ce00000)]
  0x00000227cfa63000 JavaThread "Daemon health stats" [_thread_blocked, id=14296, stack(0x000000776d100000,0x000000776d200000)]
  0x00000227cfa67800 JavaThread "Incoming local TCP Connector on port 57223" [_thread_in_native, id=16780, stack(0x000000776cf00000,0x000000776d000000)]
  0x00000227cfa66800 JavaThread "Daemon periodic checks" [_thread_blocked, id=18164, stack(0x000000776d200000,0x000000776d300000)]
  0x00000227cfa64000 JavaThread "Daemon" [_thread_blocked, id=5676, stack(0x000000776d300000,0x000000776d400000)]
  0x00000227cfa65000 JavaThread "Handler for socket connection from /127.0.0.1:57223 to /127.0.0.1:57224" [_thread_in_native, id=18480, stack(0x000000776d400000,0x000000776d500000)]
  0x00000227cfa65800 JavaThread "Cancel handler" [_thread_blocked, id=13692, stack(0x000000776d500000,0x000000776d600000)]
  0x00000227cfa61800 JavaThread "Daemon worker" [_thread_blocked, id=13332, stack(0x000000776d600000,0x000000776d700000)]
  0x00000227cfa68000 JavaThread "Asynchronous log dispatcher for DefaultDaemonConnection: socket connection from /127.0.0.1:57223 to /127.0.0.1:57224" [_thread_blocked, id=9064, stack(0x000000776d700000,0x000000776d800000)]
  0x00000227cfa62800 JavaThread "Stdin handler" [_thread_blocked, id=8316, stack(0x000000776d800000,0x000000776d900000)]
  0x00000227d060b800 JavaThread "Daemon client event forwarder" [_thread_blocked, id=17304, stack(0x000000776d900000,0x000000776da00000)]
  0x00000227d060a000 JavaThread "Cache worker for file hash cache (C:\Users\Aser\.gradle\caches\7.0.2\fileHashes)" [_thread_blocked, id=4908, stack(0x000000776dc00000,0x000000776dd00000)]
  0x00000227d0606800 JavaThread "File lock request listener" [_thread_in_native, id=6096, stack(0x000000776dd00000,0x000000776de00000)]
  0x00000227d0607800 JavaThread "Cache worker for journal cache (C:\Users\Aser\.gradle\caches\journal-1)" [_thread_blocked, id=17420, stack(0x000000776de00000,0x000000776df00000)]
  0x00000227d060a800 JavaThread "Cache worker for file hash cache (C:\Users\Aser\AndroidStudioProjects\test_bb\.gradle\7.0.2\fileHashes)" [_thread_blocked, id=16964, stack(0x000000776df00000,0x000000776e000000)]
  0x00000227d060c000 JavaThread "File watcher server" daemon [_thread_blocked, id=16048, stack(0x000000776e000000,0x000000776e100000)]
  0x00000227d060d000 JavaThread "File watcher consumer" daemon [_thread_blocked, id=6344, stack(0x000000776e100000,0x000000776e200000)]
  0x00000227d060e000 JavaThread "Cache worker for checksums cache (C:\Users\Aser\AndroidStudioProjects\test_bb\.gradle\checksums)" [_thread_blocked, id=12516, stack(0x000000776e200000,0x000000776e300000)]
  0x00000227d0608000 JavaThread "Cache worker for cache directory md-supplier (C:\Users\Aser\.gradle\caches\7.0.2\md-supplier)" [_thread_blocked, id=16248, stack(0x000000776e300000,0x000000776e400000)]
  0x00000227d060e800 JavaThread "Cache worker for cache directory md-rule (C:\Users\Aser\.gradle\caches\7.0.2\md-rule)" [_thread_blocked, id=7832, stack(0x000000776e400000,0x000000776e500000)]
  0x00000227d0609000 JavaThread "Cache worker for execution history cache (C:\Users\Aser\.gradle\caches\7.0.2\executionHistory)" [_thread_blocked, id=14756, stack(0x000000776e500000,0x000000776e600000)]
  0x00000227d0610800 JavaThread "jar transforms" [_thread_blocked, id=2940, stack(0x000000776e600000,0x000000776e700000)]
  0x00000227d0613800 JavaThread "jar transforms Thread 2" [_thread_blocked, id=4708, stack(0x000000776e700000,0x000000776e800000)]
  0x00000227d0614800 JavaThread "Cache worker for file content cache (C:\Users\Aser\.gradle\caches\7.0.2\fileContent)" [_thread_blocked, id=16400, stack(0x000000776e800000,0x000000776e900000)]
  0x00000227d0611000 JavaThread "Cache worker for dependencies-accessors (C:\Users\Aser\AndroidStudioProjects\test_bb\.gradle\7.0.2\dependencies-accessors)" [_thread_blocked, id=13996, stack(0x000000776e900000,0x000000776ea00000)]
  0x00000227d0612000 JavaThread "jar transforms Thread 3" [_thread_blocked, id=15496, stack(0x000000776ea00000,0x000000776eb00000)]
  0x00000227d0613000 JavaThread "Cache worker for Build Output Cleanup Cache (C:\Users\Aser\AndroidStudioProjects\test_bb\.gradle\buildOutputCleanup)" [_thread_blocked, id=6340, stack(0x000000776eb00000,0x000000776ec00000)]
  0x00000227d2c2b000 JavaThread "Build operations" [_thread_blocked, id=13928, stack(0x000000776ec00000,0x000000776ed00000)]
  0x00000227d2c2c000 JavaThread "Build operations Thread 2" [_thread_blocked, id=3888, stack(0x000000776ed00000,0x000000776ee00000)]
  0x00000227d2c2d800 JavaThread "Build operations Thread 3" [_thread_blocked, id=17156, stack(0x000000776ee00000,0x000000776ef00000)]
  0x00000227d2c2a800 JavaThread "Build operations Thread 4" [_thread_blocked, id=9392, stack(0x000000776ef00000,0x000000776f000000)]
  0x00000227d2c2c800 JavaThread "jar transforms Thread 4" [_thread_blocked, id=4264, stack(0x000000776f000000,0x000000776f100000)]
  0x00000227d2c2e800 JavaThread "Memory manager" [_thread_blocked, id=18540, stack(0x000000776f100000,0x000000776f200000)]
  0x00000227d2c2f000 JavaThread "build event listener" [_thread_blocked, id=19012, stack(0x000000776f200000,0x000000776f300000)]
  0x00000227d2c29800 JavaThread "Execution worker for ':'" [_thread_blocked, id=16360, stack(0x000000776f300000,0x000000776f400000)]
  0x00000227d2c34000 JavaThread "Execution worker for ':' Thread 2" [_thread_blocked, id=8232, stack(0x000000776f400000,0x000000776f500000)]
  0x00000227d2c32800 JavaThread "Execution worker for ':' Thread 3" [_thread_blocked, id=15388, stack(0x000000776f500000,0x000000776f600000)]
  0x00000227d2c30000 JavaThread "Cache worker for execution history cache (C:\Users\Aser\AndroidStudioProjects\test_bb\.gradle\7.0.2\executionHistory)" [_thread_blocked, id=16820, stack(0x000000776f600000,0x000000776f700000)]
  0x00000227d2c33800 JavaThread "WorkerExecutor Queue" [_thread_blocked, id=12968, stack(0x000000776f700000,0x000000776f800000)]
  0x00000227d2c31000 JavaThread "WorkerExecutor Queue Thread 2" [_thread_blocked, id=13208, stack(0x000000776fa00000,0x000000776fb00000)]
  0x00000227d2c31800 JavaThread "WorkerExecutor Queue Thread 3" [_thread_blocked, id=7116, stack(0x000000776fb00000,0x000000776fc00000)]
  0x00000227d2c35000 JavaThread "WorkerExecutor Queue Thread 4" [_thread_blocked, id=17272, stack(0x000000776fc00000,0x000000776fd00000)]
  0x00000227d2c36800 JavaThread "ForkJoinPool-1-worker-3" daemon [_thread_blocked, id=5348, stack(0x000000776fd00000,0x000000776fe00000)]
  0x00000227d2c35800 JavaThread "ForkJoinPool-1-worker-5" daemon [_thread_blocked, id=19164, stack(0x000000776fe00000,0x000000776ff00000)]
  0x00000227d6dec800 JavaThread "ForkJoinPool-1-worker-7" daemon [_thread_blocked, id=12208, stack(0x000000776ff00000,0x0000007770000000)]
  0x00000227d6dee000 JavaThread "ForkJoinPool-1-worker-1" daemon [_thread_blocked, id=14088, stack(0x0000007770000000,0x0000007770100000)]

Other Threads:
=>0x00000227cd683800 VMThread "VM Thread" [stack: 0x000000776c400000,0x000000776c500000] [id=16460]
  0x00000227ce1c8000 WatcherThread [stack: 0x000000776ce00000,0x000000776cf00000] [id=13104]
  0x00000227b1aed000 GCTaskThread "GC Thread#0" [stack: 0x000000776bf00000,0x000000776c000000] [id=11168]
  0x00000227ce47c000 GCTaskThread "GC Thread#1" [stack: 0x000000776d000000,0x000000776d100000] [id=16440]
  0x00000227cfbed000 GCTaskThread "GC Thread#2" [stack: 0x000000776da00000,0x000000776db00000] [id=2396]
  0x00000227cfa60800 GCTaskThread "GC Thread#3" [stack: 0x000000776db00000,0x000000776dc00000] [id=18272]
  0x00000227b1bc8000 ConcurrentGCThread "G1 Main Marker" [stack: 0x000000776c000000,0x000000776c100000] [id=8576]
  0x00000227b1bc9000 ConcurrentGCThread "G1 Conc#0" [stack: 0x000000776c100000,0x000000776c200000] [id=18980]
  0x00000227b1c22000 ConcurrentGCThread "G1 Refine#0" [stack: 0x000000776c200000,0x000000776c300000] [id=15428]
  0x00000227da8b4800 ConcurrentGCThread "G1 Refine#1" [stack: 0x0000007770100000,0x0000007770200000] [id=15020]
  0x00000227d518b000 ConcurrentGCThread "G1 Refine#2" [stack: 0x0000007770200000,0x0000007770300000] [id=13848]
  0x00000227d7037000 ConcurrentGCThread "G1 Refine#3" [stack: 0x0000007770300000,0x0000007770400000] [id=18220]
  0x00000227b1c23000 ConcurrentGCThread "G1 Young RemSet Sampling" [stack: 0x000000776c300000,0x000000776c400000] [id=12996]

Threads with active compile tasks:
C2 CompilerThread0  60487 15314       4       com.android.tools.r8.dex.z$c::a (94 bytes)

VM state:at safepoint (normal execution)

VM Mutex/Monitor currently owned by a thread:  ([mutex/lock_event])
[0x00000227b1b7ed60] Threads_lock - owner thread: 0x00000227cd683800
[0x00000227b1b7f300] Heap_lock - owner thread: 0x00000227d2c31000

Heap address: 0x0000000080000000, size: 2048 MB, Compressed Oops mode: 32-bit
Narrow klass base: 0x0000000000000000, Narrow klass shift: 3
Compressed class space size: 1073741824 Address: 0x0000000100000000

Heap:
 garbage-first heap   total 716800K, used 176657K [0x0000000080000000, 0x0000000100000000)
  region size 1024K, 3 young (3072K), 3 survivors (3072K)
 Metaspace       used 102208K, capacity 104818K, committed 105164K, reserved 1140736K
  class space    used 13180K, capacity 14164K, committed 14284K, reserved 1048576K
Heap Regions: E=young(eden), S=young(survivor), O=old, HS=humongous(starts), HC=humongous(continues), CS=collection set, F=free, A=archive, TAMS=top-at-mark-start (previous, next)
|   0|0x0000000080000000, 0x0000000080100000, 0x0000000080100000|100%| O|  |TAMS 0x0000000080100000, 0x0000000080100000| Untracked 
|   1|0x0000000080100000, 0x0000000080200000, 0x0000000080200000|100%| O|  |TAMS 0x0000000080200000, 0x0000000080200000| Untracked 
|   2|0x0000000080200000, 0x0000000080300000, 0x0000000080300000|100%| O|  |TAMS 0x0000000080300000, 0x0000000080300000| Untracked 
|   3|0x0000000080300000, 0x0000000080400000, 0x0000000080400000|100%|HS|  |TAMS 0x0000000080400000, 0x0000000080400000| Complete 
|   4|0x0000000080400000, 0x0000000080500000, 0x0000000080500000|100%|HC|  |TAMS 0x0000000080500000, 0x0000000080500000| Complete 
|   5|0x0000000080500000, 0x0000000080600000, 0x0000000080600000|100%|HC|  |TAMS 0x0000000080600000, 0x0000000080600000| Complete 
|   6|0x0000000080600000, 0x0000000080700000, 0x0000000080700000|100%| O|  |TAMS 0x0000000080700000, 0x0000000080700000| Untracked 
|   7|0x0000000080700000, 0x0000000080800000, 0x0000000080800000|100%| O|  |TAMS 0x0000000080800000, 0x0000000080800000| Untracked 
|   8|0x0000000080800000, 0x0000000080900000, 0x0000000080900000|100%| O|  |TAMS 0x0000000080900000, 0x0000000080900000| Untracked 
|   9|0x0000000080900000, 0x0000000080a00000, 0x0000000080a00000|100%| O|  |TAMS 0x0000000080a00000, 0x0000000080a00000| Untracked 
|  10|0x0000000080a00000, 0x0000000080b00000, 0x0000000080b00000|100%| O|  |TAMS 0x0000000080b00000, 0x0000000080b00000| Untracked 
|  11|0x0000000080b00000, 0x0000000080c00000, 0x0000000080c00000|100%| O|  |TAMS 0x0000000080c00000, 0x0000000080c00000| Untracked 
|  12|0x0000000080c00000, 0x0000000080d00000, 0x0000000080d00000|100%| O|  |TAMS 0x0000000080d00000, 0x0000000080d00000| Untracked 
|  13|0x0000000080d00000, 0x0000000080e00000, 0x0000000080e00000|100%| O|  |TAMS 0x0000000080e00000, 0x0000000080e00000| Untracked 
|  14|0x0000000080e00000, 0x0000000080f00000, 0x0000000080f00000|100%| O|  |TAMS 0x0000000080f00000, 0x0000000080f00000| Untracked 
|  15|0x0000000080f00000, 0x0000000081000000, 0x0000000081000000|100%| O|  |TAMS 0x0000000081000000, 0x0000000081000000| Untracked 
|  16|0x0000000081000000, 0x0000000081100000, 0x0000000081100000|100%| O|  |TAMS 0x0000000081100000, 0x0000000081100000| Untracked 
|  17|0x0000000081100000, 0x0000000081200000, 0x0000000081200000|100%| O|  |TAMS 0x0000000081200000, 0x0000000081200000| Untracked 
|  18|0x0000000081200000, 0x0000000081300000, 0x0000000081300000|100%| O|  |TAMS 0x0000000081300000, 0x0000000081300000| Untracked 
|  19|0x0000000081300000, 0x0000000081400000, 0x0000000081400000|100%| O|  |TAMS 0x0000000081400000, 0x0000000081400000| Untracked 
|  20|0x0000000081400000, 0x0000000081500000, 0x0000000081500000|100%| O|  |TAMS 0x0000000081500000, 0x0000000081500000| Untracked 
|  21|0x0000000081500000, 0x0000000081600000, 0x0000000081600000|100%| O|  |TAMS 0x0000000081600000, 0x0000000081600000| Untracked 
|  22|0x0000000081600000, 0x0000000081700000, 0x0000000081700000|100%| O|  |TAMS 0x0000000081700000, 0x0000000081700000| Untracked 
|  23|0x0000000081700000, 0x0000000081800000, 0x0000000081800000|100%| O|  |TAMS 0x0000000081800000, 0x0000000081800000| Untracked 
|  24|0x0000000081800000, 0x0000000081900000, 0x0000000081900000|100%| O|  |TAMS 0x0000000081900000, 0x0000000081900000| Untracked 
|  25|0x0000000081900000, 0x0000000081a00000, 0x0000000081a00000|100%| O|  |TAMS 0x0000000081a00000, 0x0000000081a00000| Untracked 
|  26|0x0000000081a00000, 0x0000000081b00000, 0x0000000081b00000|100%|HS|  |TAMS 0x0000000081b00000, 0x0000000081b00000| Complete 
|  27|0x0000000081b00000, 0x0000000081c00000, 0x0000000081c00000|100%|HS|  |TAMS 0x0000000081c00000, 0x0000000081c00000| Complete 
|  28|0x0000000081c00000, 0x0000000081d00000, 0x0000000081d00000|100%|HS|  |TAMS 0x0000000081d00000, 0x0000000081d00000| Complete 
|  29|0x0000000081d00000, 0x0000000081e00000, 0x0000000081e00000|100%|HS|  |TAMS 0x0000000081e00000, 0x0000000081e00000| Complete 
|  30|0x0000000081e00000, 0x0000000081f00000, 0x0000000081f00000|100%|HC|  |TAMS 0x0000000081f00000, 0x0000000081f00000| Complete 
|  31|0x0000000081f00000, 0x0000000082000000, 0x0000000082000000|100%|HC|  |TAMS 0x0000000082000000, 0x0000000082000000| Complete 
|  32|0x0000000082000000, 0x0000000082100000, 0x0000000082100000|100%|HS|  |TAMS 0x0000000082100000, 0x0000000082100000| Complete 
|  33|0x0000000082100000, 0x0000000082200000, 0x0000000082200000|100%|HC|  |TAMS 0x0000000082200000, 0x0000000082200000| Complete 
|  34|0x0000000082200000, 0x0000000082300000, 0x0000000082300000|100%| O|  |TAMS 0x0000000082300000, 0x0000000082300000| Untracked 
|  35|0x0000000082300000, 0x0000000082400000, 0x0000000082400000|100%| O|  |TAMS 0x0000000082400000, 0x0000000082400000| Untracked 
|  36|0x0000000082400000, 0x0000000082500000, 0x0000000082500000|100%| O|  |TAMS 0x0000000082500000, 0x0000000082500000| Untracked 
|  37|0x0000000082500000, 0x0000000082600000, 0x0000000082600000|100%| O|  |TAMS 0x0000000082600000, 0x0000000082600000| Untracked 
|  38|0x0000000082600000, 0x0000000082700000, 0x0000000082700000|100%| O|  |TAMS 0x0000000082700000, 0x0000000082700000| Untracked 
|  39|0x0000000082700000, 0x0000000082800000, 0x0000000082800000|100%| O|  |TAMS 0x0000000082800000, 0x0000000082800000| Untracked 
|  40|0x0000000082800000, 0x0000000082900000, 0x0000000082900000|100%| O|  |TAMS 0x0000000082900000, 0x0000000082900000| Untracked 
|  41|0x0000000082900000, 0x0000000082a00000, 0x0000000082a00000|100%| O|  |TAMS 0x0000000082a00000, 0x0000000082a00000| Untracked 
|  42|0x0000000082a00000, 0x0000000082b00000, 0x0000000082b00000|100%| O|  |TAMS 0x0000000082b00000, 0x0000000082b00000| Untracked 
|  43|0x0000000082b00000, 0x0000000082c00000, 0x0000000082c00000|100%| O|  |TAMS 0x0000000082c00000, 0x0000000082c00000| Untracked 
|  44|0x0000000082c00000, 0x0000000082d00000, 0x0000000082d00000|100%| O|  |TAMS 0x0000000082d00000, 0x0000000082d00000| Untracked 
|  45|0x0000000082d00000, 0x0000000082e00000, 0x0000000082e00000|100%| O|  |TAMS 0x0000000082e00000, 0x0000000082e00000| Untracked 
|  46|0x0000000082e00000, 0x0000000082f00000, 0x0000000082f00000|100%| O|  |TAMS 0x0000000082f00000, 0x0000000082f00000| Untracked 
|  47|0x0000000082f00000, 0x0000000083000000, 0x0000000083000000|100%| O|  |TAMS 0x0000000083000000, 0x0000000083000000| Untracked 
|  48|0x0000000083000000, 0x0000000083100000, 0x0000000083100000|100%| O|  |TAMS 0x0000000083100000, 0x0000000083100000| Untracked 
|  49|0x0000000083100000, 0x0000000083200000, 0x0000000083200000|100%| O|  |TAMS 0x0000000083200000, 0x0000000083200000| Untracked 
|  50|0x0000000083200000, 0x0000000083300000, 0x0000000083300000|100%| O|  |TAMS 0x0000000083300000, 0x0000000083300000| Untracked 
|  51|0x0000000083300000, 0x0000000083400000, 0x0000000083400000|100%| O|  |TAMS 0x0000000083400000, 0x0000000083400000| Untracked 
|  52|0x0000000083400000, 0x0000000083500000, 0x0000000083500000|100%| O|  |TAMS 0x0000000083500000, 0x0000000083500000| Untracked 
|  53|0x0000000083500000, 0x0000000083600000, 0x0000000083600000|100%| O|  |TAMS 0x0000000083600000, 0x0000000083600000| Untracked 
|  54|0x0000000083600000, 0x0000000083700000, 0x0000000083700000|100%| O|  |TAMS 0x0000000083700000, 0x0000000083700000| Untracked 
|  55|0x0000000083700000, 0x0000000083800000, 0x0000000083800000|100%| O|  |TAMS 0x0000000083800000, 0x0000000083800000| Untracked 
|  56|0x0000000083800000, 0x0000000083900000, 0x0000000083900000|100%| O|  |TAMS 0x0000000083900000, 0x0000000083900000| Untracked 
|  57|0x0000000083900000, 0x0000000083a00000, 0x0000000083a00000|100%| O|  |TAMS 0x0000000083a00000, 0x0000000083a00000| Untracked 
|  58|0x0000000083a00000, 0x0000000083b00000, 0x0000000083b00000|100%| O|  |TAMS 0x0000000083b00000, 0x0000000083b00000| Untracked 
|  59|0x0000000083b00000, 0x0000000083c00000, 0x0000000083c00000|100%| O|  |TAMS 0x0000000083c00000, 0x0000000083c00000| Untracked 
|  60|0x0000000083c00000, 0x0000000083d00000, 0x0000000083d00000|100%| O|  |TAMS 0x0000000083d00000, 0x0000000083d00000| Untracked 
|  61|0x0000000083d00000, 0x0000000083e00000, 0x0000000083e00000|100%| O|  |TAMS 0x0000000083e00000, 0x0000000083e00000| Untracked 
|  62|0x0000000083e00000, 0x0000000083f00000, 0x0000000083f00000|100%| O|  |TAMS 0x0000000083f00000, 0x0000000083f00000| Untracked 
|  63|0x0000000083f00000, 0x0000000084000000, 0x0000000084000000|100%| O|  |TAMS 0x0000000084000000, 0x0000000084000000| Untracked 
|  64|0x0000000084000000, 0x0000000084100000, 0x0000000084100000|100%| O|  |TAMS 0x0000000084100000, 0x0000000084100000| Untracked 
|  65|0x0000000084100000, 0x0000000084200000, 0x0000000084200000|100%| O|  |TAMS 0x0000000084200000, 0x0000000084200000| Untracked 
|  66|0x0000000084200000, 0x0000000084300000, 0x0000000084300000|100%| O|  |TAMS 0x0000000084300000, 0x0000000084300000| Untracked 
|  67|0x0000000084300000, 0x0000000084400000, 0x0000000084400000|100%| O|  |TAMS 0x0000000084400000, 0x0000000084400000| Untracked 
|  68|0x0000000084400000, 0x0000000084500000, 0x0000000084500000|100%| O|  |TAMS 0x0000000084500000, 0x0000000084500000| Untracked 
|  69|0x0000000084500000, 0x0000000084600000, 0x0000000084600000|100%| O|  |TAMS 0x0000000084600000, 0x0000000084600000| Untracked 
|  70|0x0000000084600000, 0x0000000084700000, 0x0000000084700000|100%| O|  |TAMS 0x0000000084700000, 0x0000000084700000| Untracked 
|  71|0x0000000084700000, 0x0000000084800000, 0x0000000084800000|100%| O|  |TAMS 0x0000000084800000, 0x0000000084800000| Untracked 
|  72|0x0000000084800000, 0x0000000084900000, 0x0000000084900000|100%| O|  |TAMS 0x0000000084900000, 0x0000000084900000| Untracked 
|  73|0x0000000084900000, 0x0000000084a00000, 0x0000000084a00000|100%| O|  |TAMS 0x0000000084a00000, 0x0000000084a00000| Untracked 
|  74|0x0000000084a00000, 0x0000000084b00000, 0x0000000084b00000|100%| O|  |TAMS 0x0000000084b00000, 0x0000000084b00000| Untracked 
|  75|0x0000000084b00000, 0x0000000084c00000, 0x0000000084c00000|100%| O|  |TAMS 0x0000000084c00000, 0x0000000084c00000| Untracked 
|  76|0x0000000084c00000, 0x0000000084d00000, 0x0000000084d00000|100%| O|  |TAMS 0x0000000084d00000, 0x0000000084d00000| Untracked 
|  77|0x0000000084d00000, 0x0000000084e00000, 0x0000000084e00000|100%| O|  |TAMS 0x0000000084e00000, 0x0000000084e00000| Untracked 
|  78|0x0000000084e00000, 0x0000000084f00000, 0x0000000084f00000|100%| O|  |TAMS 0x0000000084f00000, 0x0000000084f00000| Untracked 
|  79|0x0000000084f00000, 0x0000000085000000, 0x0000000085000000|100%| O|  |TAMS 0x0000000085000000, 0x0000000085000000| Untracked 
|  80|0x0000000085000000, 0x0000000085100000, 0x0000000085100000|100%| O|  |TAMS 0x0000000085100000, 0x0000000085100000| Untracked 
|  81|0x0000000085100000, 0x0000000085200000, 0x0000000085200000|100%| O|  |TAMS 0x0000000085200000, 0x0000000085200000| Untracked 
|  82|0x0000000085200000, 0x0000000085300000, 0x0000000085300000|100%| O|  |TAMS 0x0000000085300000, 0x0000000085300000| Untracked 
|  83|0x0000000085300000, 0x0000000085400000, 0x0000000085400000|100%| O|  |TAMS 0x0000000085400000, 0x0000000085400000| Untracked 
|  84|0x0000000085400000, 0x0000000085500000, 0x0000000085500000|100%| O|  |TAMS 0x0000000085500000, 0x0000000085500000| Untracked 
|  85|0x0000000085500000, 0x0000000085600000, 0x0000000085600000|100%| O|  |TAMS 0x0000000085600000, 0x0000000085600000| Untracked 
|  86|0x0000000085600000, 0x0000000085700000, 0x0000000085700000|100%| O|  |TAMS 0x0000000085700000, 0x0000000085700000| Untracked 
|  87|0x0000000085700000, 0x0000000085800000, 0x0000000085800000|100%| O|  |TAMS 0x0000000085764600, 0x0000000085800000| Untracked 
|  88|0x0000000085800000, 0x0000000085900000, 0x0000000085900000|100%| O|  |TAMS 0x0000000085800000, 0x0000000085900000| Untracked 
|  89|0x0000000085900000, 0x0000000085a00000, 0x0000000085a00000|100%|HS|  |TAMS 0x0000000085a00000, 0x0000000085a00000| Complete 
|  90|0x0000000085a00000, 0x0000000085b00000, 0x0000000085b00000|100%|HC|  |TAMS 0x0000000085b00000, 0x0000000085b00000| Complete 
|  91|0x0000000085b00000, 0x0000000085c00000, 0x0000000085c00000|100%|HS|  |TAMS 0x0000000085c00000, 0x0000000085c00000| Complete 
|  92|0x0000000085c00000, 0x0000000085d00000, 0x0000000085d00000|100%|HS|  |TAMS 0x0000000085d00000, 0x0000000085d00000| Complete 
|  93|0x0000000085d00000, 0x0000000085e00000, 0x0000000085e00000|100%|HS|  |TAMS 0x0000000085e00000, 0x0000000085e00000| Complete 
|  94|0x0000000085e00000, 0x0000000085f00000, 0x0000000085f00000|100%|HC|  |TAMS 0x0000000085f00000, 0x0000000085f00000| Complete 
|  95|0x0000000085f00000, 0x0000000086000000, 0x0000000086000000|100%|HC|  |TAMS 0x0000000086000000, 0x0000000086000000| Complete 
|  96|0x0000000086000000, 0x0000000086100000, 0x0000000086100000|100%|HS|  |TAMS 0x0000000086100000, 0x0000000086100000| Complete 
|  97|0x0000000086100000, 0x0000000086200000, 0x0000000086200000|100%|HS|  |TAMS 0x0000000086100000, 0x0000000086200000| Complete 
|  98|0x0000000086200000, 0x0000000086300000, 0x0000000086300000|100%| O|  |TAMS 0x0000000086200000, 0x0000000086300000| Untracked 
|  99|0x0000000086300000, 0x0000000086400000, 0x0000000086400000|100%|HS|  |TAMS 0x0000000086400000, 0x0000000086400000| Complete 
| 100|0x0000000086400000, 0x0000000086500000, 0x0000000086500000|100%|HC|  |TAMS 0x0000000086500000, 0x0000000086500000| Complete 
| 101|0x0000000086500000, 0x0000000086600000, 0x0000000086600000|100%|HS|  |TAMS 0x0000000086500000, 0x0000000086600000| Complete 
| 102|0x0000000086600000, 0x0000000086700000, 0x0000000086700000|100%|HS|  |TAMS 0x0000000086700000, 0x0000000086700000| Complete 
| 103|0x0000000086700000, 0x0000000086800000, 0x0000000086800000|100%| O|  |TAMS 0x0000000086700000, 0x0000000086800000| Untracked 
| 104|0x0000000086800000, 0x0000000086900000, 0x0000000086900000|100%| O|  |TAMS 0x0000000086800000, 0x0000000086900000| Untracked 
| 105|0x0000000086900000, 0x0000000086a00000, 0x0000000086a00000|100%| O|  |TAMS 0x0000000086900000, 0x0000000086a00000| Untracked 
| 106|0x0000000086a00000, 0x0000000086b00000, 0x0000000086b00000|100%|HS|  |TAMS 0x0000000086a00000, 0x0000000086b00000| Complete 
| 107|0x0000000086b00000, 0x0000000086c00000, 0x0000000086c00000|100%|HC|  |TAMS 0x0000000086b00000, 0x0000000086c00000| Complete 
| 108|0x0000000086c00000, 0x0000000086d00000, 0x0000000086d00000|100%|HC|  |TAMS 0x0000000086c00000, 0x0000000086d00000| Complete 
| 109|0x0000000086d00000, 0x0000000086e00000, 0x0000000086e00000|100%|HS|  |TAMS 0x0000000086d00000, 0x0000000086e00000| Complete 
| 110|0x0000000086e00000, 0x0000000086f00000, 0x0000000086f00000|100%| O|  |TAMS 0x0000000086e00000, 0x0000000086f00000| Untracked 
| 111|0x0000000086f00000, 0x0000000087000000, 0x0000000087000000|100%| O|  |TAMS 0x0000000086f00000, 0x0000000087000000| Untracked 
| 112|0x0000000087000000, 0x0000000087100000, 0x0000000087100000|100%| O|  |TAMS 0x0000000087000000, 0x0000000087100000| Untracked 
| 113|0x0000000087100000, 0x0000000087200000, 0x0000000087200000|100%| O|  |TAMS 0x0000000087100000, 0x0000000087200000| Untracked 
| 114|0x0000000087200000, 0x0000000087300000, 0x0000000087300000|100%| O|  |TAMS 0x0000000087200000, 0x0000000087300000| Untracked 
| 115|0x0000000087300000, 0x0000000087400000, 0x0000000087400000|100%| O|  |TAMS 0x0000000087300000, 0x0000000087400000| Untracked 
| 116|0x0000000087400000, 0x0000000087500000, 0x0000000087500000|100%| O|  |TAMS 0x0000000087400000, 0x0000000087500000| Untracked 
| 117|0x0000000087500000, 0x0000000087600000, 0x0000000087600000|100%| O|  |TAMS 0x0000000087500000, 0x0000000087600000| Untracked 
| 118|0x0000000087600000, 0x0000000087700000, 0x0000000087700000|100%| O|  |TAMS 0x0000000087600000, 0x0000000087700000| Untracked 
| 119|0x0000000087700000, 0x0000000087800000, 0x0000000087800000|100%| O|  |TAMS 0x0000000087700000, 0x0000000087800000| Untracked 
| 120|0x0000000087800000, 0x0000000087900000, 0x0000000087900000|100%| O|  |TAMS 0x0000000087800000, 0x0000000087900000| Untracked 
| 121|0x0000000087900000, 0x0000000087a00000, 0x0000000087a00000|100%| O|  |TAMS 0x0000000087900000, 0x0000000087a00000| Untracked 
| 122|0x0000000087a00000, 0x0000000087b00000, 0x0000000087b00000|100%| O|  |TAMS 0x0000000087a00000, 0x0000000087b00000| Untracked 
| 123|0x0000000087b00000, 0x0000000087c00000, 0x0000000087c00000|100%| O|  |TAMS 0x0000000087b00000, 0x0000000087c00000| Untracked 
| 124|0x0000000087c00000, 0x0000000087d00000, 0x0000000087d00000|100%| O|  |TAMS 0x0000000087c00000, 0x0000000087d00000| Untracked 
| 125|0x0000000087d00000, 0x0000000087e00000, 0x0000000087e00000|100%| O|  |TAMS 0x0000000087d00000, 0x0000000087e00000| Untracked 
| 126|0x0000000087e00000, 0x0000000087f00000, 0x0000000087f00000|100%| O|  |TAMS 0x0000000087e00000, 0x0000000087f00000| Untracked 
| 127|0x0000000087f00000, 0x0000000088000000, 0x0000000088000000|100%| O|  |TAMS 0x0000000087f00000, 0x0000000088000000| Untracked 
| 128|0x0000000088000000, 0x0000000088100000, 0x0000000088100000|100%| O|  |TAMS 0x0000000088000000, 0x0000000088100000| Untracked 
| 129|0x0000000088100000, 0x0000000088200000, 0x0000000088200000|100%| O|  |TAMS 0x0000000088100000, 0x0000000088200000| Untracked 
| 130|0x0000000088200000, 0x0000000088300000, 0x0000000088300000|100%| O|  |TAMS 0x0000000088200000, 0x0000000088300000| Untracked 
| 131|0x0000000088300000, 0x0000000088400000, 0x0000000088400000|100%| O|  |TAMS 0x0000000088300000, 0x0000000088400000| Untracked 
| 132|0x0000000088400000, 0x0000000088500000, 0x0000000088500000|100%| O|  |TAMS 0x0000000088400000, 0x0000000088500000| Untracked 
| 133|0x0000000088500000, 0x0000000088600000, 0x0000000088600000|100%| O|  |TAMS 0x0000000088500000, 0x0000000088600000| Untracked 
| 134|0x0000000088600000, 0x0000000088700000, 0x0000000088700000|100%| O|  |TAMS 0x0000000088600000, 0x0000000088700000| Untracked 
| 135|0x0000000088700000, 0x0000000088800000, 0x0000000088800000|100%| O|  |TAMS 0x0000000088700000, 0x0000000088800000| Untracked 
| 136|0x0000000088800000, 0x0000000088900000, 0x0000000088900000|100%| O|  |TAMS 0x0000000088800000, 0x0000000088900000| Untracked 
| 137|0x0000000088900000, 0x0000000088a00000, 0x0000000088a00000|100%| O|  |TAMS 0x0000000088900000, 0x0000000088a00000| Untracked 
| 138|0x0000000088a00000, 0x0000000088b00000, 0x0000000088b00000|100%| O|  |TAMS 0x0000000088a00000, 0x0000000088b00000| Untracked 
| 139|0x0000000088b00000, 0x0000000088c00000, 0x0000000088c00000|100%| O|  |TAMS 0x0000000088b00000, 0x0000000088c00000| Untracked 
| 140|0x0000000088c00000, 0x0000000088d00000, 0x0000000088d00000|100%| O|  |TAMS 0x0000000088c00000, 0x0000000088d00000| Untracked 
| 141|0x0000000088d00000, 0x0000000088e00000, 0x0000000088e00000|100%| O|  |TAMS 0x0000000088d00000, 0x0000000088e00000| Untracked 
| 142|0x0000000088e00000, 0x0000000088f00000, 0x0000000088f00000|100%| O|  |TAMS 0x0000000088e00000, 0x0000000088f00000| Untracked 
| 143|0x0000000088f00000, 0x0000000089000000, 0x0000000089000000|100%| O|  |TAMS 0x0000000088f00000, 0x0000000089000000| Untracked 
| 144|0x0000000089000000, 0x0000000089100000, 0x0000000089100000|100%| O|  |TAMS 0x0000000089000000, 0x0000000089100000| Untracked 
| 145|0x0000000089100000, 0x0000000089200000, 0x0000000089200000|100%| O|  |TAMS 0x0000000089100000, 0x0000000089200000| Untracked 
| 146|0x0000000089200000, 0x0000000089300000, 0x0000000089300000|100%| O|  |TAMS 0x0000000089200000, 0x0000000089300000| Untracked 
| 147|0x0000000089300000, 0x0000000089400000, 0x0000000089400000|100%| O|  |TAMS 0x0000000089300000, 0x0000000089400000| Untracked 
| 148|0x0000000089400000, 0x0000000089500000, 0x0000000089500000|100%| O|  |TAMS 0x0000000089400000, 0x0000000089500000| Untracked 
| 149|0x0000000089500000, 0x0000000089600000, 0x0000000089600000|100%| O|  |TAMS 0x0000000089500000, 0x0000000089600000| Untracked 
| 150|0x0000000089600000, 0x0000000089700000, 0x0000000089700000|100%| O|  |TAMS 0x0000000089600000, 0x0000000089700000| Untracked 
| 151|0x0000000089700000, 0x0000000089800000, 0x0000000089800000|100%| O|  |TAMS 0x0000000089700000, 0x0000000089800000| Untracked 
| 152|0x0000000089800000, 0x0000000089900000, 0x0000000089900000|100%| O|  |TAMS 0x0000000089800000, 0x0000000089900000| Untracked 
| 153|0x0000000089900000, 0x0000000089a00000, 0x0000000089a00000|100%| O|  |TAMS 0x0000000089900000, 0x0000000089a00000| Untracked 
| 154|0x0000000089a00000, 0x0000000089b00000, 0x0000000089b00000|100%| O|  |TAMS 0x0000000089a00000, 0x0000000089b00000| Untracked 
| 155|0x0000000089b00000, 0x0000000089c00000, 0x0000000089c00000|100%| O|  |TAMS 0x0000000089b00000, 0x0000000089c00000| Untracked 
| 156|0x0000000089c00000, 0x0000000089d00000, 0x0000000089d00000|100%| O|  |TAMS 0x0000000089c00000, 0x0000000089d00000| Untracked 
| 157|0x0000000089d00000, 0x0000000089e00000, 0x0000000089e00000|100%| O|  |TAMS 0x0000000089d00000, 0x0000000089e00000| Untracked 
| 158|0x0000000089e00000, 0x0000000089f00000, 0x0000000089f00000|100%| O|  |TAMS 0x0000000089e00000, 0x0000000089f00000| Untracked 
| 159|0x0000000089f00000, 0x000000008a000000, 0x000000008a000000|100%| O|  |TAMS 0x0000000089f00000, 0x000000008a000000| Untracked 
| 160|0x000000008a000000, 0x000000008a100000, 0x000000008a100000|100%| O|  |TAMS 0x000000008a000000, 0x000000008a100000| Untracked 
| 161|0x000000008a100000, 0x000000008a200000, 0x000000008a200000|100%| O|  |TAMS 0x000000008a100000, 0x000000008a200000| Untracked 
| 162|0x000000008a200000, 0x000000008a300000, 0x000000008a300000|100%| O|  |TAMS 0x000000008a200000, 0x000000008a300000| Untracked 
| 163|0x000000008a300000, 0x000000008a400000, 0x000000008a400000|100%| O|  |TAMS 0x000000008a300000, 0x000000008a400000| Untracked 
| 164|0x000000008a400000, 0x000000008a500000, 0x000000008a500000|100%| O|  |TAMS 0x000000008a400000, 0x000000008a500000| Untracked 
| 165|0x000000008a500000, 0x000000008a600000, 0x000000008a600000|100%| O|  |TAMS 0x000000008a500000, 0x000000008a600000| Untracked 
| 166|0x000000008a600000, 0x000000008a700000, 0x000000008a700000|100%| O|  |TAMS 0x000000008a600000, 0x000000008a700000| Untracked 
| 167|0x000000008a700000, 0x000000008a800000, 0x000000008a800000|100%| O|  |TAMS 0x000000008a700000, 0x000000008a800000| Untracked 
| 168|0x000000008a800000, 0x000000008a900000, 0x000000008a900000|100%| O|  |TAMS 0x000000008a800000, 0x000000008a900000| Untracked 
| 169|0x000000008a900000, 0x000000008a984400, 0x000000008aa00000| 51%| O|  |TAMS 0x000000008a900000, 0x000000008a984400| Untracked 
| 170|0x000000008aa00000, 0x000000008aa00000, 0x000000008ab00000|  0%| F|  |TAMS 0x000000008aa00000, 0x000000008aa00000| Untracked 
| 171|0x000000008ab00000, 0x000000008ab00000, 0x000000008ac00000|  0%| F|  |TAMS 0x000000008ab00000, 0x000000008ab00000| Untracked 
| 172|0x000000008ac00000, 0x000000008ac00000, 0x000000008ad00000|  0%| F|  |TAMS 0x000000008ac00000, 0x000000008ac00000| Untracked 
| 173|0x000000008ad00000, 0x000000008ad00000, 0x000000008ae00000|  0%| F|  |TAMS 0x000000008ad00000, 0x000000008ad00000| Untracked 
| 174|0x000000008ae00000, 0x000000008ae00000, 0x000000008af00000|  0%| F|  |TAMS 0x000000008ae00000, 0x000000008ae00000| Untracked 
| 175|0x000000008af00000, 0x000000008af00000, 0x000000008b000000|  0%| F|  |TAMS 0x000000008af00000, 0x000000008af00000| Untracked 
| 176|0x000000008b000000, 0x000000008b000000, 0x000000008b100000|  0%| F|  |TAMS 0x000000008b000000, 0x000000008b000000| Untracked 
| 177|0x000000008b100000, 0x000000008b100000, 0x000000008b200000|  0%| F|  |TAMS 0x000000008b100000, 0x000000008b100000| Untracked 
| 178|0x000000008b200000, 0x000000008b200000, 0x000000008b300000|  0%| F|  |TAMS 0x000000008b200000, 0x000000008b200000| Untracked 
| 179|0x000000008b300000, 0x000000008b300000, 0x000000008b400000|  0%| F|  |TAMS 0x000000008b300000, 0x000000008b300000| Untracked 
| 180|0x000000008b400000, 0x000000008b400000, 0x000000008b500000|  0%| F|  |TAMS 0x000000008b400000, 0x000000008b400000| Untracked 
| 181|0x000000008b500000, 0x000000008b500000, 0x000000008b600000|  0%| F|  |TAMS 0x000000008b500000, 0x000000008b500000| Untracked 
| 182|0x000000008b600000, 0x000000008b600000, 0x000000008b700000|  0%| F|  |TAMS 0x000000008b600000, 0x000000008b600000| Untracked 
| 183|0x000000008b700000, 0x000000008b700000, 0x000000008b800000|  0%| F|  |TAMS 0x000000008b700000, 0x000000008b700000| Untracked 
| 184|0x000000008b800000, 0x000000008b800000, 0x000000008b900000|  0%| F|  |TAMS 0x000000008b800000, 0x000000008b800000| Untracked 
| 185|0x000000008b900000, 0x000000008b900000, 0x000000008ba00000|  0%| F|  |TAMS 0x000000008b900000, 0x000000008b900000| Untracked 
| 186|0x000000008ba00000, 0x000000008ba00000, 0x000000008bb00000|  0%| F|  |TAMS 0x000000008ba00000, 0x000000008ba00000| Untracked 
| 187|0x000000008bb00000, 0x000000008bb00000, 0x000000008bc00000|  0%| F|  |TAMS 0x000000008bb00000, 0x000000008bb00000| Untracked 
| 188|0x000000008bc00000, 0x000000008bc00000, 0x000000008bd00000|  0%| F|  |TAMS 0x000000008bc00000, 0x000000008bc00000| Untracked 
| 189|0x000000008bd00000, 0x000000008bd00000, 0x000000008be00000|  0%| F|  |TAMS 0x000000008bd00000, 0x000000008bd00000| Untracked 
| 190|0x000000008be00000, 0x000000008be00000, 0x000000008bf00000|  0%| F|  |TAMS 0x000000008be00000, 0x000000008be00000| Untracked 
| 191|0x000000008bf00000, 0x000000008bf00000, 0x000000008c000000|  0%| F|  |TAMS 0x000000008bf00000, 0x000000008bf00000| Untracked 
| 192|0x000000008c000000, 0x000000008c000000, 0x000000008c100000|  0%| F|  |TAMS 0x000000008c000000, 0x000000008c000000| Untracked 
| 193|0x000000008c100000, 0x000000008c100000, 0x000000008c200000|  0%| F|  |TAMS 0x000000008c100000, 0x000000008c100000| Untracked 
| 194|0x000000008c200000, 0x000000008c200000, 0x000000008c300000|  0%| F|  |TAMS 0x000000008c200000, 0x000000008c200000| Untracked 
| 195|0x000000008c300000, 0x000000008c300000, 0x000000008c400000|  0%| F|  |TAMS 0x000000008c300000, 0x000000008c300000| Untracked 
| 196|0x000000008c400000, 0x000000008c400000, 0x000000008c500000|  0%| F|  |TAMS 0x000000008c400000, 0x000000008c400000| Untracked 
| 197|0x000000008c500000, 0x000000008c500000, 0x000000008c600000|  0%| F|  |TAMS 0x000000008c500000, 0x000000008c500000| Untracked 
| 198|0x000000008c600000, 0x000000008c600000, 0x000000008c700000|  0%| F|  |TAMS 0x000000008c600000, 0x000000008c600000| Untracked 
| 199|0x000000008c700000, 0x000000008c700000, 0x000000008c800000|  0%| F|  |TAMS 0x000000008c700000, 0x000000008c700000| Untracked 
| 200|0x000000008c800000, 0x000000008c800000, 0x000000008c900000|  0%| F|  |TAMS 0x000000008c800000, 0x000000008c800000| Untracked 
| 201|0x000000008c900000, 0x000000008c900000, 0x000000008ca00000|  0%| F|  |TAMS 0x000000008c900000, 0x000000008c900000| Untracked 
| 202|0x000000008ca00000, 0x000000008ca00000, 0x000000008cb00000|  0%| F|  |TAMS 0x000000008ca00000, 0x000000008ca00000| Untracked 
| 203|0x000000008cb00000, 0x000000008cb00000, 0x000000008cc00000|  0%| F|  |TAMS 0x000000008cb00000, 0x000000008cb00000| Untracked 
| 204|0x000000008cc00000, 0x000000008cc00000, 0x000000008cd00000|  0%| F|  |TAMS 0x000000008cc00000, 0x000000008cc00000| Untracked 
| 205|0x000000008cd00000, 0x000000008cd00000, 0x000000008ce00000|  0%| F|  |TAMS 0x000000008cd00000, 0x000000008cd00000| Untracked 
| 206|0x000000008ce00000, 0x000000008ce00000, 0x000000008cf00000|  0%| F|  |TAMS 0x000000008ce00000, 0x000000008ce00000| Untracked 
| 207|0x000000008cf00000, 0x000000008cf00000, 0x000000008d000000|  0%| F|  |TAMS 0x000000008cf00000, 0x000000008cf00000| Untracked 
| 208|0x000000008d000000, 0x000000008d000000, 0x000000008d100000|  0%| F|  |TAMS 0x000000008d000000, 0x000000008d000000| Untracked 
| 209|0x000000008d100000, 0x000000008d100000, 0x000000008d200000|  0%| F|  |TAMS 0x000000008d100000, 0x000000008d100000| Untracked 
| 210|0x000000008d200000, 0x000000008d200000, 0x000000008d300000|  0%| F|  |TAMS 0x000000008d200000, 0x000000008d200000| Untracked 
| 211|0x000000008d300000, 0x000000008d300000, 0x000000008d400000|  0%| F|  |TAMS 0x000000008d300000, 0x000000008d300000| Untracked 
| 212|0x000000008d400000, 0x000000008d400000, 0x000000008d500000|  0%| F|  |TAMS 0x000000008d400000, 0x000000008d400000| Untracked 
| 213|0x000000008d500000, 0x000000008d500000, 0x000000008d600000|  0%| F|  |TAMS 0x000000008d500000, 0x000000008d500000| Untracked 
| 214|0x000000008d600000, 0x000000008d600000, 0x000000008d700000|  0%| F|  |TAMS 0x000000008d600000, 0x000000008d600000| Untracked 
| 215|0x000000008d700000, 0x000000008d700000, 0x000000008d800000|  0%| F|  |TAMS 0x000000008d700000, 0x000000008d700000| Untracked 
| 216|0x000000008d800000, 0x000000008d800000, 0x000000008d900000|  0%| F|  |TAMS 0x000000008d800000, 0x000000008d800000| Untracked 
| 217|0x000000008d900000, 0x000000008d900000, 0x000000008da00000|  0%| F|  |TAMS 0x000000008d900000, 0x000000008d900000| Untracked 
| 218|0x000000008da00000, 0x000000008da00000, 0x000000008db00000|  0%| F|  |TAMS 0x000000008da00000, 0x000000008da00000| Untracked 
| 219|0x000000008db00000, 0x000000008db00000, 0x000000008dc00000|  0%| F|  |TAMS 0x000000008db00000, 0x000000008db00000| Untracked 
| 220|0x000000008dc00000, 0x000000008dc00000, 0x000000008dd00000|  0%| F|  |TAMS 0x000000008dc00000, 0x000000008dc00000| Untracked 
| 221|0x000000008dd00000, 0x000000008dd00000, 0x000000008de00000|  0%| F|  |TAMS 0x000000008dd00000, 0x000000008dd00000| Untracked 
| 222|0x000000008de00000, 0x000000008de00000, 0x000000008df00000|  0%| F|  |TAMS 0x000000008de00000, 0x000000008de00000| Untracked 
| 223|0x000000008df00000, 0x000000008df00000, 0x000000008e000000|  0%| F|  |TAMS 0x000000008df00000, 0x000000008df00000| Untracked 
| 224|0x000000008e000000, 0x000000008e000000, 0x000000008e100000|  0%| F|  |TAMS 0x000000008e000000, 0x000000008e000000| Untracked 
| 225|0x000000008e100000, 0x000000008e100000, 0x000000008e200000|  0%| F|  |TAMS 0x000000008e100000, 0x000000008e100000| Untracked 
| 226|0x000000008e200000, 0x000000008e200000, 0x000000008e300000|  0%| F|  |TAMS 0x000000008e200000, 0x000000008e200000| Untracked 
| 227|0x000000008e300000, 0x000000008e300000, 0x000000008e400000|  0%| F|  |TAMS 0x000000008e300000, 0x000000008e300000| Untracked 
| 228|0x000000008e400000, 0x000000008e400000, 0x000000008e500000|  0%| F|  |TAMS 0x000000008e400000, 0x000000008e400000| Untracked 
| 229|0x000000008e500000, 0x000000008e500000, 0x000000008e600000|  0%| F|  |TAMS 0x000000008e500000, 0x000000008e500000| Untracked 
| 230|0x000000008e600000, 0x000000008e600000, 0x000000008e700000|  0%| F|  |TAMS 0x000000008e600000, 0x000000008e600000| Untracked 
| 231|0x000000008e700000, 0x000000008e700000, 0x000000008e800000|  0%| F|  |TAMS 0x000000008e700000, 0x000000008e700000| Untracked 
| 232|0x000000008e800000, 0x000000008e800000, 0x000000008e900000|  0%| F|  |TAMS 0x000000008e800000, 0x000000008e800000| Untracked 
| 233|0x000000008e900000, 0x000000008e900000, 0x000000008ea00000|  0%| F|  |TAMS 0x000000008e900000, 0x000000008e900000| Untracked 
| 234|0x000000008ea00000, 0x000000008ea00000, 0x000000008eb00000|  0%| F|  |TAMS 0x000000008ea00000, 0x000000008ea00000| Untracked 
| 235|0x000000008eb00000, 0x000000008eb00000, 0x000000008ec00000|  0%| F|  |TAMS 0x000000008eb00000, 0x000000008eb00000| Untracked 
| 236|0x000000008ec00000, 0x000000008ec00000, 0x000000008ed00000|  0%| F|  |TAMS 0x000000008ec00000, 0x000000008ec00000| Untracked 
| 237|0x000000008ed00000, 0x000000008ed00000, 0x000000008ee00000|  0%| F|  |TAMS 0x000000008ed00000, 0x000000008ed00000| Untracked 
| 238|0x000000008ee00000, 0x000000008ee00000, 0x000000008ef00000|  0%| F|  |TAMS 0x000000008ee00000, 0x000000008ee00000| Untracked 
| 239|0x000000008ef00000, 0x000000008ef00000, 0x000000008f000000|  0%| F|  |TAMS 0x000000008ef00000, 0x000000008ef00000| Untracked 
| 240|0x000000008f000000, 0x000000008f000000, 0x000000008f100000|  0%| F|  |TAMS 0x000000008f000000, 0x000000008f000000| Untracked 
| 241|0x000000008f100000, 0x000000008f100000, 0x000000008f200000|  0%| F|  |TAMS 0x000000008f100000, 0x000000008f100000| Untracked 
| 242|0x000000008f200000, 0x000000008f200000, 0x000000008f300000|  0%| F|  |TAMS 0x000000008f200000, 0x000000008f200000| Untracked 
| 243|0x000000008f300000, 0x000000008f300000, 0x000000008f400000|  0%| F|  |TAMS 0x000000008f300000, 0x000000008f300000| Untracked 
| 244|0x000000008f400000, 0x000000008f400000, 0x000000008f500000|  0%| F|  |TAMS 0x000000008f400000, 0x000000008f400000| Untracked 
| 245|0x000000008f500000, 0x000000008f500000, 0x000000008f600000|  0%| F|  |TAMS 0x000000008f500000, 0x000000008f500000| Untracked 
| 246|0x000000008f600000, 0x000000008f600000, 0x000000008f700000|  0%| F|  |TAMS 0x000000008f600000, 0x000000008f600000| Untracked 
| 247|0x000000008f700000, 0x000000008f700000, 0x000000008f800000|  0%| F|  |TAMS 0x000000008f700000, 0x000000008f700000| Untracked 
| 248|0x000000008f800000, 0x000000008f800000, 0x000000008f900000|  0%| F|  |TAMS 0x000000008f800000, 0x000000008f800000| Untracked 
| 249|0x000000008f900000, 0x000000008f900000, 0x000000008fa00000|  0%| F|  |TAMS 0x000000008f900000, 0x000000008f900000| Untracked 
| 250|0x000000008fa00000, 0x000000008fa00000, 0x000000008fb00000|  0%| F|  |TAMS 0x000000008fa00000, 0x000000008fa00000| Untracked 
| 251|0x000000008fb00000, 0x000000008fb00000, 0x000000008fc00000|  0%| F|  |TAMS 0x000000008fb00000, 0x000000008fb00000| Untracked 
| 252|0x000000008fc00000, 0x000000008fc00000, 0x000000008fd00000|  0%| F|  |TAMS 0x000000008fc00000, 0x000000008fc00000| Untracked 
| 253|0x000000008fd00000, 0x000000008fd00000, 0x000000008fe00000|  0%| F|  |TAMS 0x000000008fd00000, 0x000000008fd00000| Untracked 
| 254|0x000000008fe00000, 0x000000008fe00000, 0x000000008ff00000|  0%| F|  |TAMS 0x000000008fe00000, 0x000000008fe00000| Untracked 
| 255|0x000000008ff00000, 0x000000008ff00000, 0x0000000090000000|  0%| F|  |TAMS 0x000000008ff00000, 0x000000008ff00000| Untracked 
| 256|0x0000000090000000, 0x0000000090000000, 0x0000000090100000|  0%| F|  |TAMS 0x0000000090000000, 0x0000000090000000| Untracked 
| 257|0x0000000090100000, 0x0000000090100000, 0x0000000090200000|  0%| F|  |TAMS 0x0000000090100000, 0x0000000090100000| Untracked 
| 258|0x0000000090200000, 0x0000000090200000, 0x0000000090300000|  0%| F|  |TAMS 0x0000000090200000, 0x0000000090200000| Untracked 
| 259|0x0000000090300000, 0x0000000090300000, 0x0000000090400000|  0%| F|  |TAMS 0x0000000090300000, 0x0000000090300000| Untracked 
| 260|0x0000000090400000, 0x0000000090400000, 0x0000000090500000|  0%| F|  |TAMS 0x0000000090400000, 0x0000000090400000| Untracked 
| 261|0x0000000090500000, 0x0000000090500000, 0x0000000090600000|  0%| F|  |TAMS 0x0000000090500000, 0x0000000090500000| Untracked 
| 262|0x0000000090600000, 0x0000000090600000, 0x0000000090700000|  0%| F|  |TAMS 0x0000000090600000, 0x0000000090600000| Untracked 
| 263|0x0000000090700000, 0x0000000090700000, 0x0000000090800000|  0%| F|  |TAMS 0x0000000090700000, 0x0000000090700000| Untracked 
| 264|0x0000000090800000, 0x0000000090800000, 0x0000000090900000|  0%| F|  |TAMS 0x0000000090800000, 0x0000000090800000| Untracked 
| 265|0x0000000090900000, 0x0000000090900000, 0x0000000090a00000|  0%| F|  |TAMS 0x0000000090900000, 0x0000000090900000| Untracked 
| 266|0x0000000090a00000, 0x0000000090a00000, 0x0000000090b00000|  0%| F|  |TAMS 0x0000000090a00000, 0x0000000090a00000| Untracked 
| 267|0x0000000090b00000, 0x0000000090b00000, 0x0000000090c00000|  0%| F|  |TAMS 0x0000000090b00000, 0x0000000090b00000| Untracked 
| 268|0x0000000090c00000, 0x0000000090c00000, 0x0000000090d00000|  0%| F|  |TAMS 0x0000000090c00000, 0x0000000090c00000| Untracked 
| 269|0x0000000090d00000, 0x0000000090d00000, 0x0000000090e00000|  0%| F|  |TAMS 0x0000000090d00000, 0x0000000090d00000| Untracked 
| 270|0x0000000090e00000, 0x0000000090e00000, 0x0000000090f00000|  0%| F|  |TAMS 0x0000000090e00000, 0x0000000090e00000| Untracked 
| 271|0x0000000090f00000, 0x0000000090f00000, 0x0000000091000000|  0%| F|  |TAMS 0x0000000090f00000, 0x0000000090f00000| Untracked 
| 272|0x0000000091000000, 0x0000000091000000, 0x0000000091100000|  0%| F|  |TAMS 0x0000000091000000, 0x0000000091000000| Untracked 
| 273|0x0000000091100000, 0x0000000091100000, 0x0000000091200000|  0%| F|  |TAMS 0x0000000091100000, 0x0000000091100000| Untracked 
| 274|0x0000000091200000, 0x0000000091200000, 0x0000000091300000|  0%| F|  |TAMS 0x0000000091200000, 0x0000000091200000| Untracked 
| 275|0x0000000091300000, 0x0000000091300000, 0x0000000091400000|  0%| F|  |TAMS 0x0000000091300000, 0x0000000091300000| Untracked 
| 276|0x0000000091400000, 0x0000000091400000, 0x0000000091500000|  0%| F|  |TAMS 0x0000000091400000, 0x0000000091400000| Untracked 
| 277|0x0000000091500000, 0x0000000091500000, 0x0000000091600000|  0%| F|  |TAMS 0x0000000091500000, 0x0000000091500000| Untracked 
| 278|0x0000000091600000, 0x0000000091600000, 0x0000000091700000|  0%| F|  |TAMS 0x0000000091600000, 0x0000000091600000| Untracked 
| 279|0x0000000091700000, 0x0000000091700000, 0x0000000091800000|  0%| F|  |TAMS 0x0000000091700000, 0x0000000091700000| Untracked 
| 280|0x0000000091800000, 0x0000000091800000, 0x0000000091900000|  0%| F|  |TAMS 0x0000000091800000, 0x0000000091800000| Untracked 
| 281|0x0000000091900000, 0x0000000091900000, 0x0000000091a00000|  0%| F|  |TAMS 0x0000000091900000, 0x0000000091900000| Untracked 
| 282|0x0000000091a00000, 0x0000000091a00000, 0x0000000091b00000|  0%| F|  |TAMS 0x0000000091a00000, 0x0000000091a00000| Untracked 
| 283|0x0000000091b00000, 0x0000000091b00000, 0x0000000091c00000|  0%| F|  |TAMS 0x0000000091b00000, 0x0000000091b00000| Untracked 
| 284|0x0000000091c00000, 0x0000000091c00000, 0x0000000091d00000|  0%| F|  |TAMS 0x0000000091c00000, 0x0000000091c00000| Untracked 
| 285|0x0000000091d00000, 0x0000000091d00000, 0x0000000091e00000|  0%| F|  |TAMS 0x0000000091d00000, 0x0000000091d00000| Untracked 
| 286|0x0000000091e00000, 0x0000000091e00000, 0x0000000091f00000|  0%| F|  |TAMS 0x0000000091e00000, 0x0000000091e00000| Untracked 
| 287|0x0000000091f00000, 0x0000000091f00000, 0x0000000092000000|  0%| F|  |TAMS 0x0000000091f00000, 0x0000000091f00000| Untracked 
| 288|0x0000000092000000, 0x0000000092000000, 0x0000000092100000|  0%| F|  |TAMS 0x0000000092000000, 0x0000000092000000| Untracked 
| 289|0x0000000092100000, 0x0000000092100000, 0x0000000092200000|  0%| F|  |TAMS 0x0000000092100000, 0x0000000092100000| Untracked 
| 290|0x0000000092200000, 0x0000000092200000, 0x0000000092300000|  0%| F|  |TAMS 0x0000000092200000, 0x0000000092200000| Untracked 
| 291|0x0000000092300000, 0x0000000092300000, 0x0000000092400000|  0%| F|  |TAMS 0x0000000092300000, 0x0000000092300000| Untracked 
| 292|0x0000000092400000, 0x0000000092400000, 0x0000000092500000|  0%| F|  |TAMS 0x0000000092400000, 0x0000000092400000| Untracked 
| 293|0x0000000092500000, 0x0000000092500000, 0x0000000092600000|  0%| F|  |TAMS 0x0000000092500000, 0x0000000092500000| Untracked 
| 294|0x0000000092600000, 0x0000000092600000, 0x0000000092700000|  0%| F|  |TAMS 0x0000000092600000, 0x0000000092600000| Untracked 
| 295|0x0000000092700000, 0x0000000092700000, 0x0000000092800000|  0%| F|  |TAMS 0x0000000092700000, 0x0000000092700000| Untracked 
| 296|0x0000000092800000, 0x0000000092800000, 0x0000000092900000|  0%| F|  |TAMS 0x0000000092800000, 0x0000000092800000| Untracked 
| 297|0x0000000092900000, 0x0000000092900000, 0x0000000092a00000|  0%| F|  |TAMS 0x0000000092900000, 0x0000000092900000| Untracked 
| 298|0x0000000092a00000, 0x0000000092a00000, 0x0000000092b00000|  0%| F|  |TAMS 0x0000000092a00000, 0x0000000092a00000| Untracked 
| 299|0x0000000092b00000, 0x0000000092b00000, 0x0000000092c00000|  0%| F|  |TAMS 0x0000000092b00000, 0x0000000092b00000| Untracked 
| 300|0x0000000092c00000, 0x0000000092c00000, 0x0000000092d00000|  0%| F|  |TAMS 0x0000000092c00000, 0x0000000092c00000| Untracked 
| 301|0x0000000092d00000, 0x0000000092d00000, 0x0000000092e00000|  0%| F|  |TAMS 0x0000000092d00000, 0x0000000092d00000| Untracked 
| 302|0x0000000092e00000, 0x0000000092e00000, 0x0000000092f00000|  0%| F|  |TAMS 0x0000000092e00000, 0x0000000092e00000| Untracked 
| 303|0x0000000092f00000, 0x0000000092f00000, 0x0000000093000000|  0%| F|  |TAMS 0x0000000092f00000, 0x0000000092f00000| Untracked 
| 304|0x0000000093000000, 0x0000000093000000, 0x0000000093100000|  0%| F|  |TAMS 0x0000000093000000, 0x0000000093000000| Untracked 
| 305|0x0000000093100000, 0x0000000093100000, 0x0000000093200000|  0%| F|  |TAMS 0x0000000093100000, 0x0000000093100000| Untracked 
| 306|0x0000000093200000, 0x0000000093200000, 0x0000000093300000|  0%| F|  |TAMS 0x0000000093200000, 0x0000000093200000| Untracked 
| 307|0x0000000093300000, 0x0000000093300000, 0x0000000093400000|  0%| F|  |TAMS 0x0000000093300000, 0x0000000093300000| Untracked 
| 308|0x0000000093400000, 0x0000000093400000, 0x0000000093500000|  0%| F|  |TAMS 0x0000000093400000, 0x0000000093400000| Untracked 
| 309|0x0000000093500000, 0x0000000093500000, 0x0000000093600000|  0%| F|  |TAMS 0x0000000093500000, 0x0000000093500000| Untracked 
| 310|0x0000000093600000, 0x0000000093600000, 0x0000000093700000|  0%| F|  |TAMS 0x0000000093600000, 0x0000000093600000| Untracked 
| 311|0x0000000093700000, 0x0000000093700000, 0x0000000093800000|  0%| F|  |TAMS 0x0000000093700000, 0x0000000093700000| Untracked 
| 312|0x0000000093800000, 0x0000000093800000, 0x0000000093900000|  0%| F|  |TAMS 0x0000000093800000, 0x0000000093800000| Untracked 
| 313|0x0000000093900000, 0x0000000093900000, 0x0000000093a00000|  0%| F|  |TAMS 0x0000000093900000, 0x0000000093900000| Untracked 
| 314|0x0000000093a00000, 0x0000000093a00000, 0x0000000093b00000|  0%| F|  |TAMS 0x0000000093a00000, 0x0000000093a00000| Untracked 
| 315|0x0000000093b00000, 0x0000000093b00000, 0x0000000093c00000|  0%| F|  |TAMS 0x0000000093b00000, 0x0000000093b00000| Untracked 
| 316|0x0000000093c00000, 0x0000000093c00000, 0x0000000093d00000|  0%| F|  |TAMS 0x0000000093c00000, 0x0000000093c00000| Untracked 
| 317|0x0000000093d00000, 0x0000000093d00000, 0x0000000093e00000|  0%| F|  |TAMS 0x0000000093d00000, 0x0000000093d00000| Untracked 
| 318|0x0000000093e00000, 0x0000000093e00000, 0x0000000093f00000|  0%| F|  |TAMS 0x0000000093e00000, 0x0000000093e00000| Untracked 
| 319|0x0000000093f00000, 0x0000000093f00000, 0x0000000094000000|  0%| F|  |TAMS 0x0000000093f00000, 0x0000000093f00000| Untracked 
| 320|0x0000000094000000, 0x0000000094000000, 0x0000000094100000|  0%| F|  |TAMS 0x0000000094000000, 0x0000000094000000| Untracked 
| 321|0x0000000094100000, 0x0000000094100000, 0x0000000094200000|  0%| F|  |TAMS 0x0000000094100000, 0x0000000094100000| Untracked 
| 322|0x0000000094200000, 0x0000000094200000, 0x0000000094300000|  0%| F|  |TAMS 0x0000000094200000, 0x0000000094200000| Untracked 
| 323|0x0000000094300000, 0x0000000094300000, 0x0000000094400000|  0%| F|  |TAMS 0x0000000094300000, 0x0000000094300000| Untracked 
| 324|0x0000000094400000, 0x0000000094400000, 0x0000000094500000|  0%| F|  |TAMS 0x0000000094400000, 0x0000000094400000| Untracked 
| 325|0x0000000094500000, 0x0000000094500000, 0x0000000094600000|  0%| F|  |TAMS 0x0000000094500000, 0x0000000094500000| Untracked 
| 326|0x0000000094600000, 0x0000000094600000, 0x0000000094700000|  0%| F|  |TAMS 0x0000000094600000, 0x0000000094600000| Untracked 
| 327|0x0000000094700000, 0x0000000094700000, 0x0000000094800000|  0%| F|  |TAMS 0x0000000094700000, 0x0000000094700000| Untracked 
| 328|0x0000000094800000, 0x0000000094800000, 0x0000000094900000|  0%| F|  |TAMS 0x0000000094800000, 0x0000000094800000| Untracked 
| 329|0x0000000094900000, 0x0000000094900000, 0x0000000094a00000|  0%| F|  |TAMS 0x0000000094900000, 0x0000000094900000| Untracked 
| 330|0x0000000094a00000, 0x0000000094a00000, 0x0000000094b00000|  0%| F|  |TAMS 0x0000000094a00000, 0x0000000094a00000| Untracked 
| 331|0x0000000094b00000, 0x0000000094b00000, 0x0000000094c00000|  0%| F|  |TAMS 0x0000000094b00000, 0x0000000094b00000| Untracked 
| 332|0x0000000094c00000, 0x0000000094c00000, 0x0000000094d00000|  0%| F|  |TAMS 0x0000000094c00000, 0x0000000094c00000| Untracked 
| 333|0x0000000094d00000, 0x0000000094d00000, 0x0000000094e00000|  0%| F|  |TAMS 0x0000000094d00000, 0x0000000094d00000| Untracked 
| 334|0x0000000094e00000, 0x0000000094e00000, 0x0000000094f00000|  0%| F|  |TAMS 0x0000000094e00000, 0x0000000094e00000| Untracked 
| 335|0x0000000094f00000, 0x0000000094f00000, 0x0000000095000000|  0%| F|  |TAMS 0x0000000094f00000, 0x0000000094f00000| Untracked 
| 336|0x0000000095000000, 0x0000000095000000, 0x0000000095100000|  0%| F|  |TAMS 0x0000000095000000, 0x0000000095000000| Untracked 
| 337|0x0000000095100000, 0x0000000095200000, 0x0000000095200000|100%| S|CS|TAMS 0x0000000095100000, 0x0000000095100000| Complete 
| 338|0x0000000095200000, 0x0000000095300000, 0x0000000095300000|100%| S|CS|TAMS 0x0000000095200000, 0x0000000095200000| Complete 
| 339|0x0000000095300000, 0x0000000095400000, 0x0000000095400000|100%| S|CS|TAMS 0x0000000095300000, 0x0000000095300000| Complete 
| 340|0x0000000095400000, 0x0000000095400000, 0x0000000095500000|  0%| F|  |TAMS 0x0000000095400000, 0x0000000095400000| Untracked 
| 341|0x0000000095500000, 0x0000000095500000, 0x0000000095600000|  0%| F|  |TAMS 0x0000000095500000, 0x0000000095500000| Untracked 
| 342|0x0000000095600000, 0x0000000095600000, 0x0000000095700000|  0%| F|  |TAMS 0x0000000095600000, 0x0000000095600000| Untracked 
| 343|0x0000000095700000, 0x0000000095700000, 0x0000000095800000|  0%| F|  |TAMS 0x0000000095700000, 0x0000000095700000| Untracked 
| 344|0x0000000095800000, 0x0000000095800000, 0x0000000095900000|  0%| F|  |TAMS 0x0000000095800000, 0x0000000095800000| Untracked 
| 345|0x0000000095900000, 0x0000000095900000, 0x0000000095a00000|  0%| F|  |TAMS 0x0000000095900000, 0x0000000095900000| Untracked 
| 346|0x0000000095a00000, 0x0000000095a00000, 0x0000000095b00000|  0%| F|  |TAMS 0x0000000095a00000, 0x0000000095a00000| Untracked 
| 347|0x0000000095b00000, 0x0000000095b00000, 0x0000000095c00000|  0%| F|  |TAMS 0x0000000095b00000, 0x0000000095b00000| Untracked 
| 348|0x0000000095c00000, 0x0000000095c00000, 0x0000000095d00000|  0%| F|  |TAMS 0x0000000095c00000, 0x0000000095c00000| Untracked 
| 349|0x0000000095d00000, 0x0000000095d00000, 0x0000000095e00000|  0%| F|  |TAMS 0x0000000095d00000, 0x0000000095d00000| Untracked 
| 350|0x0000000095e00000, 0x0000000095e00000, 0x0000000095f00000|  0%| F|  |TAMS 0x0000000095e00000, 0x0000000095e00000| Untracked 
| 351|0x0000000095f00000, 0x0000000095f00000, 0x0000000096000000|  0%| F|  |TAMS 0x0000000095f00000, 0x0000000095f00000| Untracked 
| 352|0x0000000096000000, 0x0000000096000000, 0x0000000096100000|  0%| F|  |TAMS 0x0000000096000000, 0x0000000096000000| Untracked 
| 353|0x0000000096100000, 0x0000000096100000, 0x0000000096200000|  0%| F|  |TAMS 0x0000000096100000, 0x0000000096100000| Untracked 
| 354|0x0000000096200000, 0x0000000096200000, 0x0000000096300000|  0%| F|  |TAMS 0x0000000096200000, 0x0000000096200000| Untracked 
| 355|0x0000000096300000, 0x0000000096300000, 0x0000000096400000|  0%| F|  |TAMS 0x0000000096300000, 0x0000000096300000| Untracked 
| 356|0x0000000096400000, 0x0000000096400000, 0x0000000096500000|  0%| F|  |TAMS 0x0000000096400000, 0x0000000096400000| Untracked 
| 357|0x0000000096500000, 0x0000000096500000, 0x0000000096600000|  0%| F|  |TAMS 0x0000000096500000, 0x0000000096500000| Untracked 
| 358|0x0000000096600000, 0x0000000096600000, 0x0000000096700000|  0%| F|  |TAMS 0x0000000096600000, 0x0000000096600000| Untracked 
| 359|0x0000000096700000, 0x0000000096700000, 0x0000000096800000|  0%| F|  |TAMS 0x0000000096700000, 0x0000000096700000| Untracked 
| 360|0x0000000096800000, 0x0000000096800000, 0x0000000096900000|  0%| F|  |TAMS 0x0000000096800000, 0x0000000096800000| Untracked 
| 361|0x0000000096900000, 0x0000000096900000, 0x0000000096a00000|  0%| F|  |TAMS 0x0000000096900000, 0x0000000096900000| Untracked 

Card table byte_map: [0x00000227c6880000,0x00000227c6c80000] _byte_map_base: 0x00000227c6480000

Marking Bits (Prev, Next): (CMBitMap*) 0x00000227b1bbef50, (CMBitMap*) 0x00000227b1bbef18
 Prev Bits: [0x00000227c9080000, 0x00000227cb080000)
 Next Bits: [0x00000227c7080000, 0x00000227c9080000)

Polling page: 0x00000227b1c60000

Metaspace:

Usage:
  Non-class:     88.53 MB capacity,    86.94 MB ( 98%) used,     1.27 MB (  1%) free+waste,   323.06 KB ( <1%) overhead. 
      Class:     13.83 MB capacity,    12.87 MB ( 93%) used,   842.30 KB (  6%) free+waste,   141.50 KB ( <1%) overhead. 
       Both:    102.36 MB capacity,    99.81 MB ( 98%) used,     2.09 MB (  2%) free+waste,   464.56 KB ( <1%) overhead. 

Virtual space:
  Non-class space:       90.00 MB reserved,      88.75 MB ( 99%) committed 
      Class space:        1.00 GB reserved,      13.95 MB (  1%) committed 
             Both:        1.09 GB reserved,     102.70 MB (  9%) committed 

Chunk freelists:
   Non-Class:  34.00 KB
       Class:  12.00 KB
        Both:  46.00 KB

MaxMetaspaceSize: 17179869184.00 GB
CompressedClassSpaceSize: 1.00 GB

CodeHeap 'non-profiled nmethods': size=120064Kb used=8953Kb max_used=8953Kb free=111110Kb
 bounds [0x00000227be920000, 0x00000227bf1e0000, 0x00000227c5e60000]
CodeHeap 'profiled nmethods': size=120000Kb used=36413Kb max_used=36413Kb free=83586Kb
 bounds [0x00000227b73f0000, 0x00000227b9780000, 0x00000227be920000]
CodeHeap 'non-nmethods': size=5696Kb used=2319Kb max_used=2395Kb free=3376Kb
 bounds [0x00000227b6e60000, 0x00000227b70d0000, 0x00000227b73f0000]
 total_blobs=15942 nmethods=15027 adapters=825
 compilation: enabled
              stopped_count=0, restarted_count=0
 full_count=0

Compilation events (20 events):
Event: 60.064 Thread 0x00000227cd6bd000 15302       3       com.android.tools.r8.dex.b$$Lambda$1349/0x0000000100b2ec40::accept (12 bytes)
Event: 60.065 Thread 0x00000227cd6bd000 nmethod 15302 0x00000227b9779a10 code [0x00000227b9779be0, 0x00000227b9779e08]
Event: 60.071 Thread 0x00000227cd6b4000 nmethod 15300% 0x00000227bf1d9910 code [0x00000227bf1d9ae0, 0x00000227bf1d9f88]
Event: 60.071 Thread 0x00000227cd6b4000 15303       4       java.util.concurrent.ForkJoinPool$WorkQueue::poll (102 bytes)
Event: 60.072 Thread 0x00000227cd6bd000 15304       3       java.util.concurrent.ForkJoinPool::tryExternalUnpush (53 bytes)
Event: 60.072 Thread 0x00000227cd6bd000 nmethod 15304 0x00000227b9779f10 code [0x00000227b977a0e0, 0x00000227b977a3c8]
Event: 60.077 Thread 0x00000227cd6b4000 nmethod 15303 0x00000227bf1da410 code [0x00000227bf1da5c0, 0x00000227bf1da808]
Event: 60.077 Thread 0x00000227cd6b4000 15306       4       com.android.tools.r8.dex.b::a (127 bytes)
Event: 60.093 Thread 0x00000227cd6bd000 15308       3       com.android.tools.r8.internal.D9::a (276 bytes)
Event: 60.095 Thread 0x00000227cd6bd000 nmethod 15308 0x00000227b977a510 code [0x00000227b977a920, 0x00000227b977c298]
Event: 60.096 Thread 0x00000227cd6bd000 15310       3       com.android.tools.r8.dex.z$$Lambda$1359/0x0000000100d65c40::accept (20 bytes)
Event: 60.096 Thread 0x00000227cd6bd000 nmethod 15310 0x00000227b977cb10 code [0x00000227b977cd80, 0x00000227b977d708]
Event: 60.104 Thread 0x00000227cd6bd000 15311       3       com.android.tools.r8.dex.z$c::a (94 bytes)
Event: 60.105 Thread 0x00000227cd6bd000 nmethod 15311 0x00000227b977db10 code [0x00000227b977de00, 0x00000227b977ebe8]
Event: 60.105 Thread 0x00000227cd6bd000 15312       3       com.android.tools.r8.dex.z$c$$Lambda$1360/0x0000000100d65040::compare (16 bytes)
Event: 60.106 Thread 0x00000227cd6bd000 nmethod 15312 0x00000227b977f090 code [0x00000227b977f260, 0x00000227b977f568]
Event: 60.114 Thread 0x00000227cd6b4000 nmethod 15306 0x00000227bf1daa10 code [0x00000227bf1dac80, 0x00000227bf1dbb28]
Event: 60.114 Thread 0x00000227cd6b4000 15313       4       com.android.tools.r8.dex.z$c$$Lambda$1360/0x0000000100d65040::compare (16 bytes)
Event: 60.166 Thread 0x00000227cd6b4000 nmethod 15313 0x00000227bf1dc410 code [0x00000227bf1dc660, 0x00000227bf1ddbc8]
Event: 60.166 Thread 0x00000227cd6b4000 15314       4       com.android.tools.r8.dex.z$c::a (94 bytes)

GC Heap History (20 events):
Event: 33.951 GC heap after
{Heap after GC invocations=75 (full 0):
 garbage-first heap   total 233472K, used 93812K [0x0000000080000000, 0x0000000100000000)
  region size 1024K, 5 young (5120K), 5 survivors (5120K)
 Metaspace       used 98938K, capacity 101250K, committed 101580K, reserved 1136640K
  class space    used 12815K, capacity 13689K, committed 13772K, reserved 1048576K
}
Event: 34.894 GC heap before
{Heap before GC invocations=75 (full 0):
 garbage-first heap   total 233472K, used 200308K [0x0000000080000000, 0x0000000100000000)
  region size 1024K, 109 young (111616K), 5 survivors (5120K)
 Metaspace       used 99122K, capacity 101466K, committed 101708K, reserved 1136640K
  class space    used 12842K, capacity 13738K, committed 13900K, reserved 1048576K
}
Event: 34.902 GC heap after
{Heap after GC invocations=76 (full 0):
 garbage-first heap   total 233472K, used 94403K [0x0000000080000000, 0x0000000100000000)
  region size 1024K, 5 young (5120K), 5 survivors (5120K)
 Metaspace       used 99122K, capacity 101466K, committed 101708K, reserved 1136640K
  class space    used 12842K, capacity 13738K, committed 13900K, reserved 1048576K
}
Event: 36.216 GC heap before
{Heap before GC invocations=76 (full 0):
 garbage-first heap   total 233472K, used 200899K [0x0000000080000000, 0x0000000100000000)
  region size 1024K, 109 young (111616K), 5 survivors (5120K)
 Metaspace       used 100527K, capacity 103061K, committed 103116K, reserved 1138688K
  class space    used 13032K, capacity 13984K, committed 14028K, reserved 1048576K
}
Event: 36.228 GC heap after
{Heap after GC invocations=77 (full 0):
 garbage-first heap   total 233472K, used 94301K [0x0000000080000000, 0x0000000100000000)
  region size 1024K, 5 young (5120K), 5 survivors (5120K)
 Metaspace       used 100527K, capacity 103061K, committed 103116K, reserved 1138688K
  class space    used 13032K, capacity 13984K, committed 14028K, reserved 1048576K
}
Event: 39.783 GC heap before
{Heap before GC invocations=77 (full 0):
 garbage-first heap   total 233472K, used 200797K [0x0000000080000000, 0x0000000100000000)
  region size 1024K, 109 young (111616K), 5 survivors (5120K)
 Metaspace       used 100538K, capacity 103061K, committed 103116K, reserved 1138688K
  class space    used 13032K, capacity 13984K, committed 14028K, reserved 1048576K
}
Event: 39.935 GC heap after
{Heap after GC invocations=78 (full 0):
 garbage-first heap   total 233472K, used 95905K [0x0000000080000000, 0x0000000100000000)
  region size 1024K, 7 young (7168K), 7 survivors (7168K)
 Metaspace       used 100538K, capacity 103061K, committed 103116K, reserved 1138688K
  class space    used 13032K, capacity 13984K, committed 14028K, reserved 1048576K
}
Event: 44.936 GC heap before
{Heap before GC invocations=78 (full 0):
 garbage-first heap   total 233472K, used 201377K [0x0000000080000000, 0x0000000100000000)
  region size 1024K, 110 young (112640K), 7 survivors (7168K)
 Metaspace       used 100558K, capacity 103073K, committed 103116K, reserved 1138688K
  class space    used 13034K, capacity 13988K, committed 14028K, reserved 1048576K
}
Event: 44.989 GC heap after
{Heap after GC invocations=79 (full 0):
 garbage-first heap   total 233472K, used 97475K [0x0000000080000000, 0x0000000100000000)
  region size 1024K, 8 young (8192K), 8 survivors (8192K)
 Metaspace       used 100558K, capacity 103073K, committed 103116K, reserved 1138688K
  class space    used 13034K, capacity 13988K, committed 14028K, reserved 1048576K
}
Event: 48.476 GC heap before
{Heap before GC invocations=79 (full 0):
 garbage-first heap   total 233472K, used 148675K [0x0000000080000000, 0x0000000100000000)
  region size 1024K, 45 young (46080K), 8 survivors (8192K)
 Metaspace       used 101493K, capacity 104041K, committed 104268K, reserved 1138688K
  class space    used 13128K, capacity 14109K, committed 14156K, reserved 1048576K
}
Event: 48.602 GC heap after
{Heap after GC invocations=80 (full 0):
 garbage-first heap   total 370688K, used 110993K [0x0000000080000000, 0x0000000100000000)
  region size 1024K, 10 young (10240K), 10 survivors (10240K)
 Metaspace       used 101493K, capacity 104041K, committed 104268K, reserved 1138688K
  class space    used 13128K, capacity 14109K, committed 14156K, reserved 1048576K
}
Event: 53.559 GC heap before
{Heap before GC invocations=81 (full 0):
 garbage-first heap   total 370688K, used 228753K [0x0000000080000000, 0x0000000100000000)
  region size 1024K, 115 young (117760K), 10 survivors (10240K)
 Metaspace       used 102097K, capacity 104676K, committed 104908K, reserved 1140736K
  class space    used 13173K, capacity 14162K, committed 14284K, reserved 1048576K
}
Event: 54.287 GC heap after
{Heap after GC invocations=82 (full 0):
 garbage-first heap   total 370688K, used 155565K [0x0000000080000000, 0x0000000100000000)
  region size 1024K, 15 young (15360K), 15 survivors (15360K)
 Metaspace       used 102097K, capacity 104676K, committed 104908K, reserved 1140736K
  class space    used 13173K, capacity 14162K, committed 14284K, reserved 1048576K
}
Event: 54.788 GC heap before
{Heap before GC invocations=82 (full 0):
 garbage-first heap   total 370688K, used 158637K [0x0000000080000000, 0x0000000100000000)
  region size 1024K, 18 young (18432K), 15 survivors (15360K)
 Metaspace       used 102097K, capacity 104676K, committed 104908K, reserved 1140736K
  class space    used 13173K, capacity 14162K, committed 14284K, reserved 1048576K
}
Event: 54.947 GC heap after
{Heap after GC invocations=83 (full 0):
 garbage-first heap   total 370688K, used 159744K [0x0000000080000000, 0x0000000100000000)
  region size 1024K, 3 young (3072K), 3 survivors (3072K)
 Metaspace       used 102097K, capacity 104676K, committed 104908K, reserved 1140736K
  class space    used 13173K, capacity 14162K, committed 14284K, reserved 1048576K
}
Event: 55.422 GC heap before
{Heap before GC invocations=83 (full 0):
 garbage-first heap   total 370688K, used 175104K [0x0000000080000000, 0x0000000100000000)
  region size 1024K, 18 young (18432K), 3 survivors (3072K)
 Metaspace       used 102098K, capacity 104676K, committed 104908K, reserved 1140736K
  class space    used 13173K, capacity 14162K, committed 14284K, reserved 1048576K
}
Event: 55.462 GC heap after
{Heap after GC invocations=84 (full 0):
 garbage-first heap   total 370688K, used 167936K [0x0000000080000000, 0x0000000100000000)
  region size 1024K, 3 young (3072K), 3 survivors (3072K)
 Metaspace       used 102098K, capacity 104676K, committed 104908K, reserved 1140736K
  class space    used 13173K, capacity 14162K, committed 14284K, reserved 1048576K
}
Event: 59.460 GC heap before
{Heap before GC invocations=84 (full 0):
 garbage-first heap   total 370688K, used 183295K [0x0000000080000000, 0x0000000100000000)
  region size 1024K, 18 young (18432K), 3 survivors (3072K)
 Metaspace       used 102158K, capacity 104748K, committed 104908K, reserved 1140736K
  class space    used 13176K, capacity 14163K, committed 14284K, reserved 1048576K
}
Event: 59.538 GC heap after
{Heap after GC invocations=85 (full 0):
 garbage-first heap   total 370688K, used 172911K [0x0000000080000000, 0x0000000100000000)
  region size 1024K, 3 young (3072K), 3 survivors (3072K)
 Metaspace       used 102158K, capacity 104748K, committed 104908K, reserved 1140736K
  class space    used 13176K, capacity 14163K, committed 14284K, reserved 1048576K
}
Event: 60.179 GC heap before
{Heap before GC invocations=85 (full 0):
 garbage-first heap   total 370688K, used 191343K [0x0000000080000000, 0x0000000100000000)
  region size 1024K, 22 young (22528K), 3 survivors (3072K)
 Metaspace       used 102208K, capacity 104818K, committed 105164K, reserved 1140736K
  class space    used 13180K, capacity 14164K, committed 14284K, reserved 1048576K
}

Deoptimization events (20 events):
Event: 60.082 Thread 0x00000227d6dec800 DEOPT PACKING pc=0x00000227b97754bf sp=0x000000776ffff0f0
Event: 60.082 Thread 0x00000227d6dec800 DEOPT UNPACKING pc=0x00000227b6e88ede sp=0x000000776fffe5b0 mode 0
Event: 60.083 Thread 0x00000227d6dec800 DEOPT PACKING pc=0x00000227b97754bf sp=0x000000776ffff0f0
Event: 60.083 Thread 0x00000227d6dec800 DEOPT UNPACKING pc=0x00000227b6e88ede sp=0x000000776fffe5b0 mode 0
Event: 60.083 Thread 0x00000227d6dec800 DEOPT PACKING pc=0x00000227b97754e0 sp=0x000000776ffff0f0
Event: 60.083 Thread 0x00000227d6dec800 DEOPT UNPACKING pc=0x00000227b6e88ede sp=0x000000776fffe5a0 mode 0
Event: 60.084 Thread 0x00000227d6dec800 DEOPT PACKING pc=0x00000227b97754bf sp=0x000000776ffff0f0
Event: 60.084 Thread 0x00000227d6dec800 DEOPT UNPACKING pc=0x00000227b6e88ede sp=0x000000776fffe5b0 mode 0
Event: 60.084 Thread 0x00000227d6dec800 DEOPT PACKING pc=0x00000227b97754bf sp=0x000000776ffff0f0
Event: 60.084 Thread 0x00000227d6dec800 DEOPT UNPACKING pc=0x00000227b6e88ede sp=0x000000776fffe5b0 mode 0
Event: 60.084 Thread 0x00000227d6dec800 DEOPT PACKING pc=0x00000227b97754bf sp=0x000000776ffff0f0
Event: 60.084 Thread 0x00000227d6dec800 DEOPT UNPACKING pc=0x00000227b6e88ede sp=0x000000776fffe5b0 mode 0
Event: 60.085 Thread 0x00000227d6dec800 DEOPT PACKING pc=0x00000227b97754bf sp=0x000000776ffff0f0
Event: 60.085 Thread 0x00000227d6dec800 DEOPT UNPACKING pc=0x00000227b6e88ede sp=0x000000776fffe5b0 mode 0
Event: 60.085 Thread 0x00000227d6dec800 DEOPT PACKING pc=0x00000227b97754bf sp=0x000000776ffff0f0
Event: 60.085 Thread 0x00000227d6dec800 DEOPT UNPACKING pc=0x00000227b6e88ede sp=0x000000776fffe5b0 mode 0
Event: 60.085 Thread 0x00000227d6dec800 DEOPT PACKING pc=0x00000227b97754e0 sp=0x000000776ffff0f0
Event: 60.085 Thread 0x00000227d6dec800 DEOPT UNPACKING pc=0x00000227b6e88ede sp=0x000000776fffe5a0 mode 0
Event: 60.086 Thread 0x00000227d6dec800 DEOPT PACKING pc=0x00000227b97754bf sp=0x000000776ffff0f0
Event: 60.086 Thread 0x00000227d6dec800 DEOPT UNPACKING pc=0x00000227b6e88ede sp=0x000000776fffe5b0 mode 0

Classes redefined (0 events):
No events

Internal exceptions (20 events):
Event: 31.010 Thread 0x00000227d2c2b000 Exception <a 'java/lang/NoSuchMethodError'{0x0000000089e44720}: 'int java.lang.invoke.DirectMethodHandle$Holder.invokeInterface(java.lang.Object, java.lang.Object, int)'> (0x0000000089e44720) thrown at [./src/hotspot/share/interpreter/linkResolver.cpp, line 773]
Event: 31.732 Thread 0x00000227d2c2b000 Implicit null exception at 0x00000227bef50b04 to 0x00000227bef575e8
Event: 33.783 Thread 0x00000227d2c2b000 Implicit null exception at 0x00000227bef63748 to 0x00000227bef68200
Event: 34.931 Thread 0x00000227d2c2c000 Exception <a 'java/lang/NoSuchMethodError'{0x000000008e1131e8}: 'void java.lang.invoke.DirectMethodHandle$Holder.invokeSpecial(java.lang.Object, java.lang.Object, int, java.lang.Object, java.lang.Object, java.lang.Object, java.lang.Object)'> (0x000000008e1131e8) thrown at [./src/hotspot/share/interpreter/linkResolver.cpp, line 773]
Event: 34.933 Thread 0x00000227d2c2c000 Exception <a 'java/lang/NoSuchMethodError'{0x000000008e11ee88}: 'java.lang.Object java.lang.invoke.Invokers$Holder.linkToTargetMethod(java.lang.Object, int, java.lang.Object, java.lang.Object, java.lang.Object, java.lang.Object)'> (0x000000008e11ee88) thrown at [./src/hotspot/share/interpreter/linkResolver.cpp, line 773]
Event: 34.933 Thread 0x00000227d2c2c000 Exception <a 'java/lang/NoSuchMethodError'{0x000000008e123338}: 'void java.lang.invoke.DirectMethodHandle$Holder.invokeSpecial(java.lang.Object, java.lang.Object, java.lang.Object, java.lang.Object, java.lang.Object, java.lang.Object, java.lang.Object, java.lang.Object, java.lang.Object)'> (0x000000008e123338) thrown at [./src/hotspot/share/interpreter/linkResolver.cpp, line 773]
Event: 34.937 Thread 0x00000227d2c2c000 Exception <a 'java/lang/NoSuchMethodError'{0x000000008e13e0b8}: 'void java.lang.invoke.DirectMethodHandle$Holder.invokeStatic(java.lang.Object, java.lang.Object, java.lang.Object, java.lang.Object, java.lang.Object, java.lang.Object, java.lang.Object, java.lang.Object)'> (0x000000008e13e0b8) thrown at [./src/hotspot/share/interpreter/linkResolver.cpp, line 773]
Event: 35.166 Thread 0x00000227d2c2c000 Exception <a 'java/lang/IncompatibleClassChangeError'{0x000000008cc3e418}: Found class java.lang.Object, but interface was expected> (0x000000008cc3e418) thrown at [./src/hotspot/share/interpreter/linkResolver.cpp, line 839]
Event: 35.340 Thread 0x00000227d2c2c000 Exception <a 'java/lang/NoSuchMethodError'{0x000000008bbca0b0}: 'void java.lang.invoke.DirectMethodHandle$Holder.invokeVirtual(java.lang.Object, java.lang.Object, int)'> (0x000000008bbca0b0) thrown at [./src/hotspot/share/interpreter/linkResolver.cpp, line 773]
Event: 35.455 Thread 0x00000227d2c2c000 Exception <a 'sun/nio/fs/WindowsException'{0x000000008b6d0200}> (0x000000008b6d0200) thrown at [./src/hotspot/share/prims/jni.cpp, line 615]
Event: 35.538 Thread 0x00000227d2c2c000 Exception <a 'java/lang/NoSuchMethodError'{0x000000008b3f11e8}: 'void java.lang.invoke.DirectMethodHandle$Holder.invokeStatic(java.lang.Object, java.lang.Object, java.lang.Object, java.lang.Object, java.lang.Object, java.lang.Object, java.lang.Object)'> (0x000000008b3f11e8) thrown at [./src/hotspot/share/interpreter/linkResolver.cpp, line 773]
Event: 45.839 Thread 0x00000227d2c2b000 Exception <a 'sun/nio/fs/WindowsException'{0x000000008cdb07e8}> (0x000000008cdb07e8) thrown at [./src/hotspot/share/prims/jni.cpp, line 615]
Event: 48.019 Thread 0x00000227d060b800 Exception <a 'java/lang/NoSuchMethodError'{0x000000008c4b81a8}: <clinit>> (0x000000008c4b81a8) thrown at [./src/hotspot/share/prims/jni.cpp, line 1362]
Event: 48.190 Thread 0x00000227d2c31000 Exception <a 'sun/nio/fs/WindowsException'{0x000000008c3dfed0}> (0x000000008c3dfed0) thrown at [./src/hotspot/share/prims/jni.cpp, line 615]
Event: 52.033 Thread 0x00000227d2c2c000 Implicit null exception at 0x00000227bf13d855 to 0x00000227bf13dcf8
Event: 52.033 Thread 0x00000227d2c2b000 Implicit null exception at 0x00000227bf13d855 to 0x00000227bf13dcf8
Event: 52.033 Thread 0x00000227d2c2a800 Implicit null exception at 0x00000227bf13d855 to 0x00000227bf13dcf8
Event: 52.220 Thread 0x00000227d2c2a800 Implicit null exception at 0x00000227bf1436d2 to 0x00000227bf143ad8
Event: 52.275 Thread 0x00000227d2c36800 Exception <a 'java/lang/NoSuchMethodError'{0x0000000093ac9c40}: 'long java.lang.invoke.DirectMethodHandle$Holder.invokeStatic(java.lang.Object, java.lang.Object, java.lang.Object)'> (0x0000000093ac9c40) thrown at [./src/hotspot/share/interpreter/linkResolver.cpp, line 773]
Event: 52.277 Thread 0x00000227d6dec800 Exception <a 'java/lang/NoSuchMethodError'{0x00000000937743a8}: 'long java.lang.invoke.DirectMethodHandle$Holder.invokeStatic(java.lang.Object, java.lang.Object, java.lang.Object)'> (0x00000000937743a8) thrown at [./src/hotspot/share/interpreter/linkResolver.cpp, line 773]

Events (20 events):
Event: 59.571 loading class com/android/build/gradle/internal/dependency/ConstraintHandler$execute$1 done
Event: 59.745 loading class org/gradle/api/artifacts/result/DependencyResult
Event: 59.745 loading class org/gradle/api/artifacts/result/DependencyResult done
Event: 59.761 loading class org/gradle/api/artifacts/result/ResolvedDependencyResult
Event: 59.761 loading class org/gradle/api/artifacts/result/ResolvedDependencyResult done
Event: 59.774 loading class com/android/build/gradle/internal/dependency/ConstraintHandler$execute$1$1
Event: 59.774 loading class com/android/build/gradle/internal/dependency/ConstraintHandler$execute$1$1 done
Event: 59.779 loading class org/gradle/api/artifacts/dsl/DependencyConstraintHandler
Event: 59.779 loading class org/gradle/api/artifacts/dsl/DependencyConstraintHandler done
Event: 59.861 Executing VM operation: RevokeBias
Event: 59.861 Executing VM operation: RevokeBias done
Event: 59.904 loading class org/gradle/api/artifacts/DependencyConstraint
Event: 59.904 loading class org/gradle/api/artifacts/DependencyConstraint done
Event: 59.911 loading class com/android/build/gradle/internal/dependency/ConstraintHandler$execute$1$1$1
Event: 59.911 loading class com/android/build/gradle/internal/dependency/ConstraintHandler$execute$1$1$1 done
Event: 59.915 loading class org/gradle/api/artifacts/MutableVersionConstraint
Event: 59.915 loading class org/gradle/api/artifacts/MutableVersionConstraint done
Event: 59.977 loading class com/android/tools/r8/graph/f0$a
Event: 59.977 loading class com/android/tools/r8/graph/f0$a done
Event: 60.177 Executing VM operation: G1CollectForAllocation


Dynamic libraries:
0x00007ff60bc60000 - 0x00007ff60bc6a000 	C:\Program Files\Android\Android Studio\jre\bin\java.exe
0x00007ffbfabf0000 - 0x00007ffbfade5000 	C:\WINDOWS\SYSTEM32\ntdll.dll
0x00007ffbf8c50000 - 0x00007ffbf8d0d000 	C:\WINDOWS\System32\KERNEL32.DLL
0x00007ffbf8980000 - 0x00007ffbf8c49000 	C:\WINDOWS\System32\KERNELBASE.dll
0x00007ffbf84e0000 - 0x00007ffbf85e0000 	C:\WINDOWS\System32\ucrtbase.dll
0x00007ffb998d0000 - 0x00007ffb998e7000 	C:\Program Files\Android\Android Studio\jre\bin\VCRUNTIME140.dll
0x00007ffb99710000 - 0x00007ffb99729000 	C:\Program Files\Android\Android Studio\jre\bin\jli.dll
0x00007ffbf8f70000 - 0x00007ffbf9110000 	C:\WINDOWS\System32\USER32.dll
0x00007ffbe6610000 - 0x00007ffbe68aa000 	C:\WINDOWS\WinSxS\amd64_microsoft.windows.common-controls_6595b64144ccf1df_6.0.19041.1110_none_60b5254171f9507e\COMCTL32.dll
0x00007ffbf86c0000 - 0x00007ffbf86e2000 	C:\WINDOWS\System32\win32u.dll
0x00007ffbf98b0000 - 0x00007ffbf994e000 	C:\WINDOWS\System32\msvcrt.dll
0x00007ffbf8f40000 - 0x00007ffbf8f6a000 	C:\WINDOWS\System32\GDI32.dll
0x00007ffbf8870000 - 0x00007ffbf897b000 	C:\WINDOWS\System32\gdi32full.dll
0x00007ffbf87a0000 - 0x00007ffbf883d000 	C:\WINDOWS\System32\msvcp_win.dll
0x00007ffbf9a20000 - 0x00007ffbf9a50000 	C:\WINDOWS\System32\IMM32.DLL
0x00007ffb83e90000 - 0x00007ffb83f2d000 	C:\Program Files\Android\Android Studio\jre\bin\msvcp140.dll
0x00007ffb6adc0000 - 0x00007ffb6b88f000 	C:\Program Files\Android\Android Studio\jre\bin\server\jvm.dll
0x00007ffbf9f80000 - 0x00007ffbfa02c000 	C:\WINDOWS\System32\ADVAPI32.dll
0x00007ffbf9110000 - 0x00007ffbf91ab000 	C:\WINDOWS\System32\sechost.dll
0x00007ffbf9b00000 - 0x00007ffbf9c2a000 	C:\WINDOWS\System32\RPCRT4.dll
0x00007ffbf99b0000 - 0x00007ffbf99b8000 	C:\WINDOWS\System32\PSAPI.DLL
0x00007ffbefc90000 - 0x00007ffbefc9a000 	C:\WINDOWS\SYSTEM32\VERSION.dll
0x00007ffbf3b60000 - 0x00007ffbf3b69000 	C:\WINDOWS\SYSTEM32\WSOCK32.dll
0x00007ffbe17e0000 - 0x00007ffbe1807000 	C:\WINDOWS\SYSTEM32\WINMM.dll
0x00007ffbf9e00000 - 0x00007ffbf9e6b000 	C:\WINDOWS\System32\ws2_32.DLL
0x00007ffbf6bb0000 - 0x00007ffbf6bc2000 	C:\WINDOWS\SYSTEM32\kernel.appcore.dll
0x00007ffbefbb0000 - 0x00007ffbefbc1000 	C:\Program Files\Android\Android Studio\jre\bin\verify.dll
0x00007ffbf69a0000 - 0x00007ffbf6b84000 	C:\WINDOWS\SYSTEM32\DBGHELP.DLL
0x00007ffbe0880000 - 0x00007ffbe08ac000 	C:\WINDOWS\SYSTEM32\dbgcore.DLL
0x00007ffbf8630000 - 0x00007ffbf86b3000 	C:\WINDOWS\System32\bcryptPrimitives.dll
0x00007ffbee6f0000 - 0x00007ffbee719000 	C:\Program Files\Android\Android Studio\jre\bin\java.dll
0x00007ffbefba0000 - 0x00007ffbefbab000 	C:\Program Files\Android\Android Studio\jre\bin\jimage.dll
0x00007ffbe5340000 - 0x00007ffbe5358000 	C:\Program Files\Android\Android Studio\jre\bin\zip.dll
0x00007ffbfa030000 - 0x00007ffbfa76f000 	C:\WINDOWS\System32\SHELL32.dll
0x00007ffbf6210000 - 0x00007ffbf69a0000 	C:\WINDOWS\SYSTEM32\windows.storage.dll
0x00007ffbfa850000 - 0x00007ffbfaba5000 	C:\WINDOWS\System32\combase.dll
0x00007ffbf7cb0000 - 0x00007ffbf7cdc000 	C:\WINDOWS\SYSTEM32\Wldp.dll
0x00007ffbf9c30000 - 0x00007ffbf9cde000 	C:\WINDOWS\System32\SHCORE.dll
0x00007ffbf8d10000 - 0x00007ffbf8d65000 	C:\WINDOWS\System32\shlwapi.dll
0x00007ffbf8260000 - 0x00007ffbf827f000 	C:\WINDOWS\SYSTEM32\profapi.dll
0x00007ffbd1130000 - 0x00007ffbd114a000 	C:\Program Files\Android\Android Studio\jre\bin\net.dll
0x00007ffbe69d0000 - 0x00007ffbe6ad8000 	C:\WINDOWS\SYSTEM32\WINHTTP.dll
0x00007ffbf7a10000 - 0x00007ffbf7a7a000 	C:\WINDOWS\system32\mswsock.dll
0x00007ffbd0d00000 - 0x00007ffbd0d14000 	C:\Program Files\Android\Android Studio\jre\bin\nio.dll
0x00007ffba35c0000 - 0x00007ffba35e7000 	C:\Users\Aser\.gradle\native\8bec1ad78214c89d9ad589b4d07fe93259594b29d510b10fafb7a158f7737e5d\windows-amd64\native-platform.dll
0x00007ffb75070000 - 0x00007ffb751ad000 	C:\Users\Aser\.gradle\native\53dbd7edfb1c66fb8903c78663c9afc45aea4f116125fa6feffd364cf09443e8\windows-amd64\native-platform-file-events.dll
0x00007ffbee6e0000 - 0x00007ffbee6ea000 	C:\Program Files\Android\Android Studio\jre\bin\management.dll
0x00007ffbe5330000 - 0x00007ffbe533c000 	C:\Program Files\Android\Android Studio\jre\bin\management_ext.dll
0x00007ffbf7c00000 - 0x00007ffbf7c18000 	C:\WINDOWS\SYSTEM32\CRYPTSP.dll
0x00007ffbf7390000 - 0x00007ffbf73c4000 	C:\WINDOWS\system32\rsaenh.dll
0x00007ffbf8840000 - 0x00007ffbf8867000 	C:\WINDOWS\System32\bcrypt.dll
0x00007ffbf81e0000 - 0x00007ffbf820e000 	C:\WINDOWS\SYSTEM32\USERENV.dll
0x00007ffbf7c20000 - 0x00007ffbf7c2c000 	C:\WINDOWS\SYSTEM32\CRYPTBASE.dll
0x00007ffbf7700000 - 0x00007ffbf773b000 	C:\WINDOWS\SYSTEM32\IPHLPAPI.DLL
0x00007ffbf9f70000 - 0x00007ffbf9f78000 	C:\WINDOWS\System32\NSI.dll
0x00007ffbee8e0000 - 0x00007ffbee8f7000 	C:\WINDOWS\SYSTEM32\dhcpcsvc6.DLL
0x00007ffbee9d0000 - 0x00007ffbee9ed000 	C:\WINDOWS\SYSTEM32\dhcpcsvc.DLL
0x00007ffbf7740000 - 0x00007ffbf780c000 	C:\WINDOWS\SYSTEM32\DNSAPI.dll

dbghelp: loaded successfully - version: 4.0.5 - missing functions: none
symbol engine: initialized successfully - sym options: 0x614 - pdb path: .;C:\Program Files\Android\Android Studio\jre\bin;C:\WINDOWS\SYSTEM32;C:\WINDOWS\WinSxS\amd64_microsoft.windows.common-controls_6595b64144ccf1df_6.0.19041.1110_none_60b5254171f9507e;C:\Program Files\Android\Android Studio\jre\bin\server;C:\Users\Aser\.gradle\native\8bec1ad78214c89d9ad589b4d07fe93259594b29d510b10fafb7a158f7737e5d\windows-amd64;C:\Users\Aser\.gradle\native\53dbd7edfb1c66fb8903c78663c9afc45aea4f116125fa6feffd364cf09443e8\windows-amd64

VM Arguments:
jvm_args: --add-opens=java.base/java.util=ALL-UNNAMED --add-opens=java.base/java.lang=ALL-UNNAMED --add-opens=java.base/java.lang.invoke=ALL-UNNAMED --add-opens=java.base/java.util=ALL-UNNAMED --add-opens=java.prefs/java.util.prefs=ALL-UNNAMED --add-opens=java.prefs/java.util.prefs=ALL-UNNAMED --add-opens=java.base/java.nio.charset=ALL-UNNAMED --add-opens=java.base/java.net=ALL-UNNAMED --add-opens=java.base/java.util.concurrent.atomic=ALL-UNNAMED -Xmx2048m -Dfile.encoding=UTF-8 -Duser.country=RU -Duser.language=ru -Duser.variant 
java_command: org.gradle.launcher.daemon.bootstrap.GradleDaemon 7.0.2
java_class_path (initial): C:\Users\Aser\.gradle\wrapper\dists\gradle-7.0.2-bin\857tjihv64xamwrf0h14cai3r\gradle-7.0.2\lib\gradle-launcher-7.0.2.jar
Launcher Type: SUN_STANDARD

[Global flags]
     intx CICompilerCount                          = 3                                         {product} {ergonomic}
     uint ConcGCThreads                            = 1                                         {product} {ergonomic}
     uint G1ConcRefinementThreads                  = 4                                         {product} {ergonomic}
   size_t G1HeapRegionSize                         = 1048576                                   {product} {ergonomic}
    uintx GCDrainStackTargetSize                   = 64                                        {product} {ergonomic}
   size_t InitialHeapSize                          = 65011712                                  {product} {ergonomic}
   size_t MarkStackSize                            = 4194304                                   {product} {ergonomic}
   size_t MaxHeapSize                              = 2147483648                                {product} {command line}
   size_t MaxNewSize                               = 1287651328                                {product} {ergonomic}
   size_t MinHeapDeltaBytes                        = 1048576                                   {product} {ergonomic}
    uintx NonNMethodCodeHeapSize                   = 5830732                                {pd product} {ergonomic}
    uintx NonProfiledCodeHeapSize                  = 122913754                              {pd product} {ergonomic}
    uintx ProfiledCodeHeapSize                     = 122913754                              {pd product} {ergonomic}
    uintx ReservedCodeCacheSize                    = 251658240                              {pd product} {ergonomic}
     bool SegmentedCodeCache                       = true                                      {product} {ergonomic}
     bool UseCompressedClassPointers               = true                                 {lp64_product} {ergonomic}
     bool UseCompressedOops                        = true                                 {lp64_product} {ergonomic}
     bool UseG1GC                                  = true                                      {product} {ergonomic}
     bool UseLargePagesIndividualAllocation        = false                                  {pd product} {ergonomic}

Logging:
Log output configuration:
 #0: stdout all=warning uptime,level,tags
 #1: stderr all=off uptime,level,tags

Environment Variables:
JAVA_HOME=C:\Users\Aser\Downloads\openlogic-openjdk-8u262-b10-windows-x64\openlogic-openjdk-8u262-b10-win-64
PATH=C:\Program Files\Google\Chrome\Application;C:\WINDOWS\system32;C:\WINDOWS;C:\WINDOWS\System32\Wbem;C:\WINDOWS\System32\WindowsPowerShell\v1.0\;C:\WINDOWS\System32\OpenSSH\;c:\Program Files (x86)\Microsoft SQL Server\100\Tools\Binn\;c:\Program Files\Microsoft SQL Server\100\Tools\Binn\;c:\Program Files\Microsoft SQL Server\100\DTS\Binn\;C:\Users\Aser\Downloads\openlogic-openjdk-8u262-b10-windows-x64\openlogic-openjdk-8u262-b10-win-64\bin;C:\Program Files\nodejs\;C:\Users\Aser\AppData\Local\Microsoft\WindowsApps;C:\Program Files\JetBrains\IntelliJ IDEA Community Edition 2021.1.2\bin;;C:\Users\Aser\Downloads\kotlin-compiler-1.5.10\kotlinc\bin;C:\Users\Aser\Downloads\apache-ant-1.10.10\bin;C:\Gradle\gradle-7.1.1\bin;C:\Users\Aser\Downloads\openlogic-openjdk-8u262-b10-windows-x64\openlogic-openjdk-8u262-b10-win-64\bin;C:\Program Files\Mercurial;C:\Users\Aser\Downloads\apache-maven-3.8.1-bin\bin;C:\Users\Aser\AppData\Roaming\npm
USERNAME=Aser
OS=Windows_NT
PROCESSOR_IDENTIFIER=Intel64 Family 6 Model 126 Stepping 5, GenuineIntel



---------------  S Y S T E M  ---------------

OS: Windows 10 , 64 bit Build 19041 (10.0.19041.1151)
OS uptime: 3 days 4:54 hours

CPU:total 4 (initial active 4) (2 cores per cpu, 2 threads per core) family 6 model 126 stepping 5 microcode 0x78, cmov, cx8, fxsr, mmx, sse, sse2, sse3, ssse3, sse4.1, sse4.2, popcnt, avx, avx2, aes, clmul, erms, 3dnowpref, lzcnt, ht, tsc, tscinvbit, bmi1, bmi2, adx, evex, sha, fma

Memory: 4k page, system-wide physical 3885M (29M free)
TotalPageFile size 15661M (AvailPageFile size 318M)
current process WorkingSet (physical memory assigned to process): 192M, peak: 420M
current process commit charge ("private bytes"): 707M, peak: 1044M

vm_info: OpenJDK 64-Bit Server VM (11.0.10+0-b96-7249189) for windows-amd64 JRE (11.0.10+0-b96-7249189), built on Mar 31 2021 21:44:00 by "builder" with MS VC++ 14.0 (VS2015)

END.
